{"meta": {"format": 3, "version": "7.14.0", "timestamp": "2026-05-26T12:35:55.461140", "branch_coverage": false, "show_contexts": false}, "files": {"analysis/augmentations.py": {"executed_lines": [1, 2, 3, 4], "summary": {"covered_lines": 4, "num_statements": 127, "percent_covered": 3.1496062992125986, "percent_covered_display": "3", "missing_lines": 123, "excluded_lines": 0, "percent_statements_covered": 3.1496062992125986, "percent_statements_covered_display": "3"}, "missing_lines": [7, 8, 9, 10, 11, 13, 15, 16, 18, 19, 20, 22, 24, 25, 26, 27, 29, 30, 31, 32, 34, 35, 36, 37, 39, 40, 41, 43, 44, 46, 47, 48, 50, 51, 53, 54, 55, 57, 60, 61, 62, 63, 64, 66, 67, 69, 71, 72, 73, 75, 76, 78, 79, 80, 81, 82, 83, 85, 86, 87, 88, 90, 91, 93, 94, 95, 96, 97, 98, 100, 102, 103, 105, 106, 109, 110, 111, 112, 113, 114, 115, 116, 118, 119, 121, 123, 124, 125, 127, 128, 130, 131, 132, 133, 134, 135, 137, 138, 139, 140, 142, 143, 145, 146, 147, 148, 149, 150, 152, 154, 155, 157, 158, 159, 160, 161, 162, 163, 164, 166, 167, 169, 170], "excluded_lines": [], "functions": {"RetentionAugmentation.apply_random_augmentation": {"executed_lines": [], "summary": {"covered_lines": 0, "num_statements": 35, "percent_covered": 0.0, "percent_covered_display": "0", "missing_lines": 35, "excluded_lines": 0, "percent_statements_covered": 0.0, "percent_statements_covered_display": "0"}, "missing_lines": [10, 11, 13, 15, 16, 18, 19, 20, 22, 24, 25, 26, 27, 29, 30, 31, 32, 34, 35, 36, 37, 39, 40, 41, 43, 44, 46, 47, 48, 50, 51, 53, 54, 55, 57], "excluded_lines": [], "start_line": 9}, "RetentionDataset.__init__": {"executed_lines": [], "summary": {"covered_lines": 0, "num_statements": 30, "percent_covered": 0.0, "percent_covered_display": "0", "missing_lines": 30, "excluded_lines": 0, "percent_statements_covered": 0.0, "percent_statements_covered_display": "0"}, "missing_lines": [62, 63, 64, 66, 67, 69, 71, 72, 73, 75, 76, 78, 79, 80, 81, 82, 83, 85, 86, 87, 88, 90, 91, 93, 94, 95, 96, 97, 98, 100], "excluded_lines": [], "start_line": 61}, "RetentionDataset.__len__": {"executed_lines": [], "summary": {"covered_lines": 0, "num_statements": 1, "percent_covered": 0.0, "percent_covered_display": "0", "missing_lines": 1, "excluded_lines": 0, "percent_statements_covered": 0.0, "percent_statements_covered_display": "0"}, "missing_lines": [103], "excluded_lines": [], "start_line": 102}, "RetentionDataset.__getitem__": {"executed_lines": [], "summary": {"covered_lines": 0, "num_statements": 1, "percent_covered": 0.0, "percent_covered_display": "0", "missing_lines": 1, "excluded_lines": 0, "percent_statements_covered": 0.0, "percent_statements_covered_display": "0"}, "missing_lines": [106], "excluded_lines": [], "start_line": 105}, "AugmentedRetentionDataset.__init__": {"executed_lines": [], "summary": {"covered_lines": 0, "num_statements": 35, "percent_covered": 0.0, "percent_covered_display": "0", "missing_lines": 35, "excluded_lines": 0, "percent_statements_covered": 0.0, "percent_statements_covered_display": "0"}, "missing_lines": [111, 112, 113, 114, 115, 116, 118, 119, 121, 123, 124, 125, 127, 128, 130, 131, 132, 133, 134, 135, 137, 138, 139, 140, 142, 143, 145, 146, 147, 148, 149, 150, 152, 154, 155], "excluded_lines": [], "start_line": 110}, "AugmentedRetentionDataset._augment_data": {"executed_lines": [], "summary": {"covered_lines": 0, "num_statements": 7, "percent_covered": 0.0, "percent_covered_display": "0", "missing_lines": 7, "excluded_lines": 0, "percent_statements_covered": 0.0, "percent_statements_covered_display": "0"}, "missing_lines": [158, 159, 160, 161, 162, 163, 164], "excluded_lines": [], "start_line": 157}, "AugmentedRetentionDataset.__len__": {"executed_lines": [], "summary": {"covered_lines": 0, "num_statements": 1, "percent_covered": 0.0, "percent_covered_display": "0", "missing_lines": 1, "excluded_lines": 0, "percent_statements_covered": 0.0, "percent_statements_covered_display": "0"}, "missing_lines": [167], "excluded_lines": [], "start_line": 166}, "AugmentedRetentionDataset.__getitem__": {"executed_lines": [], "summary": {"covered_lines": 0, "num_statements": 1, "percent_covered": 0.0, "percent_covered_display": "0", "missing_lines": 1, "excluded_lines": 0, "percent_statements_covered": 0.0, "percent_statements_covered_display": "0"}, "missing_lines": [170], "excluded_lines": [], "start_line": 169}, "": {"executed_lines": [1, 2, 3, 4], "summary": {"covered_lines": 4, "num_statements": 16, "percent_covered": 25.0, "percent_covered_display": "25", "missing_lines": 12, "excluded_lines": 0, "percent_statements_covered": 25.0, "percent_statements_covered_display": "25"}, "missing_lines": [7, 8, 9, 60, 61, 102, 105, 109, 110, 157, 166, 169], "excluded_lines": [], "start_line": 1}}, "classes": {"RetentionAugmentation": {"executed_lines": [], "summary": {"covered_lines": 0, "num_statements": 35, "percent_covered": 0.0, "percent_covered_display": "0", "missing_lines": 35, "excluded_lines": 0, "percent_statements_covered": 0.0, "percent_statements_covered_display": "0"}, "missing_lines": [10, 11, 13, 15, 16, 18, 19, 20, 22, 24, 25, 26, 27, 29, 30, 31, 32, 34, 35, 36, 37, 39, 40, 41, 43, 44, 46, 47, 48, 50, 51, 53, 54, 55, 57], "excluded_lines": [], "start_line": 7}, "RetentionDataset": {"executed_lines": [], "summary": {"covered_lines": 0, "num_statements": 32, "percent_covered": 0.0, "percent_covered_display": "0", "missing_lines": 32, "excluded_lines": 0, "percent_statements_covered": 0.0, "percent_statements_covered_display": "0"}, "missing_lines": [62, 63, 64, 66, 67, 69, 71, 72, 73, 75, 76, 78, 79, 80, 81, 82, 83, 85, 86, 87, 88, 90, 91, 93, 94, 95, 96, 97, 98, 100, 103, 106], "excluded_lines": [], "start_line": 60}, "AugmentedRetentionDataset": {"executed_lines": [], "summary": {"covered_lines": 0, "num_statements": 44, "percent_covered": 0.0, "percent_covered_display": "0", "missing_lines": 44, "excluded_lines": 0, "percent_statements_covered": 0.0, "percent_statements_covered_display": "0"}, "missing_lines": [111, 112, 113, 114, 115, 116, 118, 119, 121, 123, 124, 125, 127, 128, 130, 131, 132, 133, 134, 135, 137, 138, 139, 140, 142, 143, 145, 146, 147, 148, 149, 150, 152, 154, 155, 158, 159, 160, 161, 162, 163, 164, 167, 170], "excluded_lines": [], "start_line": 109}, "": {"executed_lines": [1, 2, 3, 4], "summary": {"covered_lines": 4, "num_statements": 16, "percent_covered": 25.0, "percent_covered_display": "25", "missing_lines": 12, "excluded_lines": 0, "percent_statements_covered": 25.0, "percent_statements_covered_display": "25"}, "missing_lines": [7, 8, 9, 60, 61, 102, 105, 109, 110, 157, 166, 169], "excluded_lines": [], "start_line": 1}}}, "analysis/embedding_clustering.py": {"executed_lines": [], "summary": {"covered_lines": 0, "num_statements": 226, "percent_covered": 0.0, "percent_covered_display": "0", "missing_lines": 226, "excluded_lines": 0, "percent_statements_covered": 0.0, "percent_statements_covered_display": "0"}, "missing_lines": [1, 2, 4, 5, 6, 7, 8, 9, 10, 11, 12, 13, 14, 15, 17, 19, 20, 23, 24, 25, 26, 27, 28, 29, 30, 31, 32, 34, 35, 36, 39, 40, 41, 42, 43, 44, 45, 46, 47, 49, 50, 51, 52, 55, 56, 57, 58, 59, 62, 63, 64, 67, 68, 69, 70, 71, 72, 73, 74, 75, 76, 77, 78, 79, 80, 81, 82, 85, 86, 87, 88, 90, 91, 92, 93, 95, 96, 97, 98, 99, 100, 101, 102, 103, 104, 105, 106, 108, 109, 110, 112, 113, 115, 116, 119, 120, 121, 123, 124, 125, 126, 127, 128, 130, 131, 133, 134, 135, 137, 139, 140, 141, 143, 146, 147, 148, 149, 150, 151, 152, 154, 156, 157, 158, 159, 160, 162, 163, 165, 166, 167, 169, 170, 171, 173, 175, 177, 178, 180, 181, 182, 183, 184, 186, 187, 188, 189, 190, 192, 193, 194, 196, 197, 200, 201, 202, 203, 204, 205, 207, 208, 210, 211, 213, 214, 215, 217, 218, 219, 221, 223, 236, 237, 239, 240, 242, 243, 244, 246, 249, 251, 252, 254, 255, 256, 257, 259, 260, 261, 263, 264, 265, 266, 267, 268, 269, 270, 271, 272, 273, 274, 276, 277, 278, 279, 280, 281, 282, 284, 286, 288, 289, 290, 291, 293, 294, 295, 297, 298, 300, 302, 303, 304, 305, 306, 307], "excluded_lines": [], "functions": {"PositionalEncoding.__init__": {"executed_lines": [], "summary": {"covered_lines": 0, "num_statements": 8, "percent_covered": 0.0, "percent_covered_display": "0", "missing_lines": 8, "excluded_lines": 0, "percent_statements_covered": 0.0, "percent_statements_covered_display": "0"}, "missing_lines": [25, 26, 27, 28, 29, 30, 31, 32], "excluded_lines": [], "start_line": 24}, "PositionalEncoding.forward": {"executed_lines": [], "summary": {"covered_lines": 0, "num_statements": 2, "percent_covered": 0.0, "percent_covered_display": "0", "missing_lines": 2, "excluded_lines": 0, "percent_statements_covered": 0.0, "percent_statements_covered_display": "0"}, "missing_lines": [35, 36], "excluded_lines": [], "start_line": 34}, "RetentionTransformer.__init__": {"executed_lines": [], "summary": {"covered_lines": 0, "num_statements": 7, "percent_covered": 0.0, "percent_covered_display": "0", "missing_lines": 7, "excluded_lines": 0, "percent_statements_covered": 0.0, "percent_statements_covered_display": "0"}, "missing_lines": [41, 42, 43, 44, 45, 46, 47], "excluded_lines": [], "start_line": 40}, "RetentionTransformer.forward": {"executed_lines": [], "summary": {"covered_lines": 0, "num_statements": 3, "percent_covered": 0.0, "percent_covered_display": "0", "missing_lines": 3, "excluded_lines": 0, "percent_statements_covered": 0.0, "percent_statements_covered_display": "0"}, "missing_lines": [50, 51, 52], "excluded_lines": [], "start_line": 49}, "_sample_embedding_sequence": {"executed_lines": [], "summary": {"covered_lines": 0, "num_statements": 4, "percent_covered": 0.0, "percent_covered_display": "0", "missing_lines": 4, "excluded_lines": 0, "percent_statements_covered": 0.0, "percent_statements_covered_display": "0"}, "missing_lines": [56, 57, 58, 59], "excluded_lines": [], "start_line": 55}, "_pca_reduce": {"executed_lines": [], "summary": {"covered_lines": 0, "num_statements": 2, "percent_covered": 0.0, "percent_covered_display": "0", "missing_lines": 2, "excluded_lines": 0, "percent_statements_covered": 0.0, "percent_statements_covered_display": "0"}, "missing_lines": [63, 64], "excluded_lines": [], "start_line": 62}, "_scaled_modality_blocks": {"executed_lines": [], "summary": {"covered_lines": 0, "num_statements": 15, "percent_covered": 0.0, "percent_covered_display": "0", "missing_lines": 15, "excluded_lines": 0, "percent_statements_covered": 0.0, "percent_statements_covered_display": "0"}, "missing_lines": [68, 69, 70, 71, 72, 73, 74, 75, 76, 77, 78, 79, 80, 81, 82], "excluded_lines": [], "start_line": 67}, "extract_precomputed_embeddings": {"executed_lines": [], "summary": {"covered_lines": 0, "num_statements": 26, "percent_covered": 0.0, "percent_covered_display": "0", "missing_lines": 26, "excluded_lines": 0, "percent_statements_covered": 0.0, "percent_statements_covered_display": "0"}, "missing_lines": [86, 87, 88, 90, 91, 92, 93, 95, 96, 97, 98, 99, 100, 101, 102, 103, 104, 105, 106, 108, 109, 110, 112, 113, 115, 116], "excluded_lines": [], "start_line": 85}, "extract_video_embeddings": {"executed_lines": [], "summary": {"covered_lines": 0, "num_statements": 18, "percent_covered": 0.0, "percent_covered_display": "0", "missing_lines": 18, "excluded_lines": 0, "percent_statements_covered": 0.0, "percent_statements_covered_display": "0"}, "missing_lines": [120, 121, 123, 124, 125, 126, 127, 128, 130, 131, 133, 134, 135, 137, 139, 140, 141, 143], "excluded_lines": [], "start_line": 119}, "find_optimal_clusters": {"executed_lines": [], "summary": {"covered_lines": 0, "num_statements": 39, "percent_covered": 0.0, "percent_covered_display": "0", "missing_lines": 39, "excluded_lines": 0, "percent_statements_covered": 0.0, "percent_statements_covered_display": "0"}, "missing_lines": [147, 148, 149, 150, 151, 152, 154, 156, 157, 158, 159, 160, 162, 163, 165, 166, 167, 169, 170, 171, 173, 175, 177, 178, 180, 181, 182, 183, 184, 186, 187, 188, 189, 190, 192, 193, 194, 196, 197], "excluded_lines": [], "start_line": 146}, "ClusterAwareTransformer.__init__": {"executed_lines": [], "summary": {"covered_lines": 0, "num_statements": 8, "percent_covered": 0.0, "percent_covered_display": "0", "missing_lines": 8, "excluded_lines": 0, "percent_statements_covered": 0.0, "percent_statements_covered_display": "0"}, "missing_lines": [202, 203, 204, 205, 207, 208, 210, 211], "excluded_lines": [], "start_line": 201}, "ClusterAwareTransformer.fit_clusters": {"executed_lines": [], "summary": {"covered_lines": 0, "num_statements": 6, "percent_covered": 0.0, "percent_covered_display": "0", "missing_lines": 6, "excluded_lines": 0, "percent_statements_covered": 0.0, "percent_statements_covered_display": "0"}, "missing_lines": [214, 215, 217, 218, 219, 221], "excluded_lines": [], "start_line": 213}, "ClusterAwareTransformer.train_for_cluster": {"executed_lines": [], "summary": {"covered_lines": 0, "num_statements": 49, "percent_covered": 0.0, "percent_covered_display": "0", "missing_lines": 49, "excluded_lines": 0, "percent_statements_covered": 0.0, "percent_statements_covered_display": "0"}, "missing_lines": [236, 237, 239, 240, 242, 243, 244, 246, 249, 251, 252, 254, 255, 256, 257, 259, 260, 261, 263, 264, 265, 266, 267, 268, 269, 270, 271, 272, 273, 274, 276, 277, 278, 279, 280, 281, 282, 284, 286, 288, 289, 290, 291, 293, 294, 295, 297, 298, 300], "excluded_lines": [], "start_line": 223}, "ClusterAwareTransformer.predict": {"executed_lines": [], "summary": {"covered_lines": 0, "num_statements": 5, "percent_covered": 0.0, "percent_covered_display": "0", "missing_lines": 5, "excluded_lines": 0, "percent_statements_covered": 0.0, "percent_statements_covered_display": "0"}, "missing_lines": [303, 304, 305, 306, 307], "excluded_lines": [], "start_line": 302}, "": {"executed_lines": [], "summary": {"covered_lines": 0, "num_statements": 34, "percent_covered": 0.0, "percent_covered_display": "0", "missing_lines": 34, "excluded_lines": 0, "percent_statements_covered": 0.0, "percent_statements_covered_display": "0"}, "missing_lines": [1, 2, 4, 5, 6, 7, 8, 9, 10, 11, 12, 13, 14, 15, 17, 19, 20, 23, 24, 34, 39, 40, 49, 55, 62, 67, 85, 119, 146, 200, 201, 213, 223, 302], "excluded_lines": [], "start_line": 1}}, "classes": {"PositionalEncoding": {"executed_lines": [], "summary": {"covered_lines": 0, "num_statements": 10, "percent_covered": 0.0, "percent_covered_display": "0", "missing_lines": 10, "excluded_lines": 0, "percent_statements_covered": 0.0, "percent_statements_covered_display": "0"}, "missing_lines": [25, 26, 27, 28, 29, 30, 31, 32, 35, 36], "excluded_lines": [], "start_line": 23}, "RetentionTransformer": {"executed_lines": [], "summary": {"covered_lines": 0, "num_statements": 10, "percent_covered": 0.0, "percent_covered_display": "0", "missing_lines": 10, "excluded_lines": 0, "percent_statements_covered": 0.0, "percent_statements_covered_display": "0"}, "missing_lines": [41, 42, 43, 44, 45, 46, 47, 50, 51, 52], "excluded_lines": [], "start_line": 39}, "ClusterAwareTransformer": {"executed_lines": [], "summary": {"covered_lines": 0, "num_statements": 68, "percent_covered": 0.0, "percent_covered_display": "0", "missing_lines": 68, "excluded_lines": 0, "percent_statements_covered": 0.0, "percent_statements_covered_display": "0"}, "missing_lines": [202, 203, 204, 205, 207, 208, 210, 211, 214, 215, 217, 218, 219, 221, 236, 237, 239, 240, 242, 243, 244, 246, 249, 251, 252, 254, 255, 256, 257, 259, 260, 261, 263, 264, 265, 266, 267, 268, 269, 270, 271, 272, 273, 274, 276, 277, 278, 279, 280, 281, 282, 284, 286, 288, 289, 290, 291, 293, 294, 295, 297, 298, 300, 303, 304, 305, 306, 307], "excluded_lines": [], "start_line": 200}, "": {"executed_lines": [], "summary": {"covered_lines": 0, "num_statements": 138, "percent_covered": 0.0, "percent_covered_display": "0", "missing_lines": 138, "excluded_lines": 0, "percent_statements_covered": 0.0, "percent_statements_covered_display": "0"}, "missing_lines": [1, 2, 4, 5, 6, 7, 8, 9, 10, 11, 12, 13, 14, 15, 17, 19, 20, 23, 24, 34, 39, 40, 49, 55, 56, 57, 58, 59, 62, 63, 64, 67, 68, 69, 70, 71, 72, 73, 74, 75, 76, 77, 78, 79, 80, 81, 82, 85, 86, 87, 88, 90, 91, 92, 93, 95, 96, 97, 98, 99, 100, 101, 102, 103, 104, 105, 106, 108, 109, 110, 112, 113, 115, 116, 119, 120, 121, 123, 124, 125, 126, 127, 128, 130, 131, 133, 134, 135, 137, 139, 140, 141, 143, 146, 147, 148, 149, 150, 151, 152, 154, 156, 157, 158, 159, 160, 162, 163, 165, 166, 167, 169, 170, 171, 173, 175, 177, 178, 180, 181, 182, 183, 184, 186, 187, 188, 189, 190, 192, 193, 194, 196, 197, 200, 201, 213, 223, 302], "excluded_lines": [], "start_line": 1}}}, "analysis/feature_importance/__init__.py": {"executed_lines": [], "summary": {"covered_lines": 0, "num_statements": 7, "percent_covered": 0.0, "percent_covered_display": "0", "missing_lines": 7, "excluded_lines": 0, "percent_statements_covered": 0.0, "percent_statements_covered_display": "0"}, "missing_lines": [1, 2, 3, 4, 5, 6, 9], "excluded_lines": [], "functions": {"": {"executed_lines": [], "summary": {"covered_lines": 0, "num_statements": 7, "percent_covered": 0.0, "percent_covered_display": "0", "missing_lines": 7, "excluded_lines": 0, "percent_statements_covered": 0.0, "percent_statements_covered_display": "0"}, "missing_lines": [1, 2, 3, 4, 5, 6, 9], "excluded_lines": [], "start_line": 1}}, "classes": {"": {"executed_lines": [], "summary": {"covered_lines": 0, "num_statements": 7, "percent_covered": 0.0, "percent_covered_display": "0", "missing_lines": 7, "excluded_lines": 0, "percent_statements_covered": 0.0, "percent_statements_covered_display": "0"}, "missing_lines": [1, 2, 3, 4, 5, 6, 9], "excluded_lines": [], "start_line": 1}}}, "analysis/feature_importance/catboost_importance.py": {"executed_lines": [], "summary": {"covered_lines": 0, "num_statements": 146, "percent_covered": 0.0, "percent_covered_display": "0", "missing_lines": 146, "excluded_lines": 0, "percent_statements_covered": 0.0, "percent_statements_covered_display": "0"}, "missing_lines": [5, 7, 8, 9, 11, 12, 13, 14, 17, 18, 19, 22, 23, 35, 36, 37, 38, 41, 42, 43, 44, 45, 48, 49, 50, 51, 52, 53, 68, 69, 70, 71, 72, 73, 74, 77, 78, 81, 82, 83, 85, 86, 87, 88, 89, 91, 93, 94, 95, 96, 98, 99, 101, 102, 104, 105, 106, 107, 108, 111, 112, 113, 114, 115, 116, 117, 118, 119, 120, 121, 124, 125, 126, 127, 128, 129, 131, 132, 133, 134, 135, 137, 138, 139, 140, 141, 142, 143, 144, 145, 146, 147, 150, 158, 159, 160, 161, 162, 163, 166, 167, 168, 169, 171, 172, 173, 175, 176, 177, 178, 180, 189, 198, 200, 202, 203, 205, 213, 214, 216, 217, 218, 219, 221, 222, 223, 224, 225, 228, 229, 230, 232, 233, 234, 235, 236, 237, 238, 241, 242, 243, 244, 245, 246, 247, 248], "excluded_lines": [], "functions": {"_build_catboost": {"executed_lines": [], "summary": {"covered_lines": 0, "num_statements": 1, "percent_covered": 0.0, "percent_covered_display": "0", "missing_lines": 1, "excluded_lines": 0, "percent_statements_covered": 0.0, "percent_statements_covered_display": "0"}, "missing_lines": [23], "excluded_lines": [], "start_line": 22}, "_train_full": {"executed_lines": [], "summary": {"covered_lines": 0, "num_statements": 3, "percent_covered": 0.0, "percent_covered_display": "0", "missing_lines": 3, "excluded_lines": 0, "percent_statements_covered": 0.0, "percent_statements_covered_display": "0"}, "missing_lines": [36, 37, 38], "excluded_lines": [], "start_line": 35}, "compute_builtin_importance": {"executed_lines": [], "summary": {"covered_lines": 0, "num_statements": 4, "percent_covered": 0.0, "percent_covered_display": "0", "missing_lines": 4, "excluded_lines": 0, "percent_statements_covered": 0.0, "percent_statements_covered_display": "0"}, "missing_lines": [42, 43, 44, 45], "excluded_lines": [], "start_line": 41}, "compute_shap_importance": {"executed_lines": [], "summary": {"covered_lines": 0, "num_statements": 5, "percent_covered": 0.0, "percent_covered_display": "0", "missing_lines": 5, "excluded_lines": 0, "percent_statements_covered": 0.0, "percent_statements_covered_display": "0"}, "missing_lines": [49, 50, 51, 52, 53], "excluded_lines": [], "start_line": 48}, "compute_group_importance": {"executed_lines": [], "summary": {"covered_lines": 0, "num_statements": 6, "percent_covered": 0.0, "percent_covered_display": "0", "missing_lines": 6, "excluded_lines": 0, "percent_statements_covered": 0.0, "percent_statements_covered_display": "0"}, "missing_lines": [69, 70, 71, 72, 73, 74], "excluded_lines": [], "start_line": 68}, "_importance_frame": {"executed_lines": [], "summary": {"covered_lines": 0, "num_statements": 1, "percent_covered": 0.0, "percent_covered_display": "0", "missing_lines": 1, "excluded_lines": 0, "percent_statements_covered": 0.0, "percent_statements_covered_display": "0"}, "missing_lines": [78], "excluded_lines": [], "start_line": 77}, "plot_top_features": {"executed_lines": [], "summary": {"covered_lines": 0, "num_statements": 21, "percent_covered": 0.0, "percent_covered_display": "0", "missing_lines": 21, "excluded_lines": 0, "percent_statements_covered": 0.0, "percent_statements_covered_display": "0"}, "missing_lines": [82, 83, 85, 86, 87, 88, 89, 91, 93, 94, 95, 96, 98, 99, 101, 102, 104, 105, 106, 107, 108], "excluded_lines": [], "start_line": 81}, "plot_group_importance": {"executed_lines": [], "summary": {"covered_lines": 0, "num_statements": 10, "percent_covered": 0.0, "percent_covered_display": "0", "missing_lines": 10, "excluded_lines": 0, "percent_statements_covered": 0.0, "percent_statements_covered_display": "0"}, "missing_lines": [112, 113, 114, 115, 116, 117, 118, 119, 120, 121], "excluded_lines": [], "start_line": 111}, "plot_shap_beeswarm": {"executed_lines": [], "summary": {"covered_lines": 0, "num_statements": 21, "percent_covered": 0.0, "percent_covered_display": "0", "missing_lines": 21, "excluded_lines": 0, "percent_statements_covered": 0.0, "percent_statements_covered_display": "0"}, "missing_lines": [125, 126, 127, 128, 129, 131, 132, 133, 134, 135, 137, 138, 139, 140, 141, 142, 143, 144, 145, 146, 147], "excluded_lines": [], "start_line": 124}, "_run_importance_step": {"executed_lines": [], "summary": {"covered_lines": 0, "num_statements": 6, "percent_covered": 0.0, "percent_covered_display": "0", "missing_lines": 6, "excluded_lines": 0, "percent_statements_covered": 0.0, "percent_statements_covered_display": "0"}, "missing_lines": [158, 159, 160, 161, 162, 163], "excluded_lines": [], "start_line": 150}, "run_catboost_importance": {"executed_lines": [], "summary": {"covered_lines": 0, "num_statements": 26, "percent_covered": 0.0, "percent_covered_display": "0", "missing_lines": 26, "excluded_lines": 0, "percent_statements_covered": 0.0, "percent_statements_covered_display": "0"}, "missing_lines": [167, 168, 169, 171, 172, 173, 175, 176, 177, 178, 180, 189, 198, 200, 205, 213, 214, 216, 217, 218, 219, 221, 222, 223, 224, 225], "excluded_lines": [], "start_line": 166}, "run_catboost_importance._compute_shap_frame": {"executed_lines": [], "summary": {"covered_lines": 0, "num_statements": 2, "percent_covered": 0.0, "percent_covered_display": "0", "missing_lines": 2, "excluded_lines": 0, "percent_statements_covered": 0.0, "percent_statements_covered_display": "0"}, "missing_lines": [202, 203], "excluded_lines": [], "start_line": 200}, "_build_consensus": {"executed_lines": [], "summary": {"covered_lines": 0, "num_statements": 8, "percent_covered": 0.0, "percent_covered_display": "0", "missing_lines": 8, "excluded_lines": 0, "percent_statements_covered": 0.0, "percent_statements_covered_display": "0"}, "missing_lines": [229, 232, 233, 234, 235, 236, 237, 238], "excluded_lines": [], "start_line": 228}, "_build_consensus._rank": {"executed_lines": [], "summary": {"covered_lines": 0, "num_statements": 1, "percent_covered": 0.0, "percent_covered_display": "0", "missing_lines": 1, "excluded_lines": 0, "percent_statements_covered": 0.0, "percent_statements_covered_display": "0"}, "missing_lines": [230], "excluded_lines": [], "start_line": 229}, "": {"executed_lines": [], "summary": {"covered_lines": 0, "num_statements": 31, "percent_covered": 0.0, "percent_covered_display": "0", "missing_lines": 31, "excluded_lines": 0, "percent_statements_covered": 0.0, "percent_statements_covered_display": "0"}, "missing_lines": [5, 7, 8, 9, 11, 12, 13, 14, 17, 18, 19, 22, 35, 41, 48, 68, 77, 81, 111, 124, 150, 166, 228, 241, 242, 243, 244, 245, 246, 247, 248], "excluded_lines": [], "start_line": 1}}, "classes": {"": {"executed_lines": [], "summary": {"covered_lines": 0, "num_statements": 146, "percent_covered": 0.0, "percent_covered_display": "0", "missing_lines": 146, "excluded_lines": 0, "percent_statements_covered": 0.0, "percent_statements_covered_display": "0"}, "missing_lines": [5, 7, 8, 9, 11, 12, 13, 14, 17, 18, 19, 22, 23, 35, 36, 37, 38, 41, 42, 43, 44, 45, 48, 49, 50, 51, 52, 53, 68, 69, 70, 71, 72, 73, 74, 77, 78, 81, 82, 83, 85, 86, 87, 88, 89, 91, 93, 94, 95, 96, 98, 99, 101, 102, 104, 105, 106, 107, 108, 111, 112, 113, 114, 115, 116, 117, 118, 119, 120, 121, 124, 125, 126, 127, 128, 129, 131, 132, 133, 134, 135, 137, 138, 139, 140, 141, 142, 143, 144, 145, 146, 147, 150, 158, 159, 160, 161, 162, 163, 166, 167, 168, 169, 171, 172, 173, 175, 176, 177, 178, 180, 189, 198, 200, 202, 203, 205, 213, 214, 216, 217, 218, 219, 221, 222, 223, 224, 225, 228, 229, 230, 232, 233, 234, 235, 236, 237, 238, 241, 242, 243, 244, 245, 246, 247, 248], "excluded_lines": [], "start_line": 1}}}, "analysis/feature_importance/correlation_analysis.py": {"executed_lines": [], "summary": {"covered_lines": 0, "num_statements": 186, "percent_covered": 0.0, "percent_covered_display": "0", "missing_lines": 186, "excluded_lines": 0, "percent_statements_covered": 0.0, "percent_statements_covered_display": "0"}, "missing_lines": [5, 7, 8, 10, 11, 12, 13, 16, 17, 18, 19, 21, 24, 25, 26, 27, 28, 29, 30, 31, 42, 45, 46, 47, 48, 49, 50, 51, 52, 54, 55, 57, 58, 59, 61, 64, 65, 66, 67, 68, 69, 71, 74, 75, 76, 77, 80, 81, 82, 83, 84, 86, 87, 92, 95, 96, 97, 98, 99, 100, 101, 102, 103, 104, 105, 106, 107, 108, 111, 112, 113, 114, 115, 116, 117, 118, 119, 120, 121, 122, 125, 126, 127, 128, 129, 131, 132, 133, 135, 136, 137, 138, 139, 140, 141, 143, 144, 145, 146, 147, 148, 149, 150, 151, 154, 155, 156, 157, 159, 160, 161, 163, 164, 165, 166, 167, 170, 173, 174, 175, 176, 178, 179, 180, 182, 183, 184, 186, 188, 189, 190, 191, 192, 194, 195, 196, 197, 198, 200, 201, 202, 203, 204, 205, 206, 207, 209, 210, 211, 212, 213, 215, 216, 217, 218, 219, 220, 222, 223, 224, 225, 226, 227, 229, 230, 231, 233, 236, 237, 238, 240, 241, 242, 243, 244, 245, 246, 249, 250, 251, 252, 253, 254, 255, 256, 257], "excluded_lines": [], "functions": {"compute_feature_target_correlation": {"executed_lines": [], "summary": {"covered_lines": 0, "num_statements": 8, "percent_covered": 0.0, "percent_covered_display": "0", "missing_lines": 8, "excluded_lines": 0, "percent_statements_covered": 0.0, "percent_statements_covered_display": "0"}, "missing_lines": [25, 26, 27, 28, 29, 30, 31, 42], "excluded_lines": [], "start_line": 24}, "compute_per_second_correlation": {"executed_lines": [], "summary": {"covered_lines": 0, "num_statements": 13, "percent_covered": 0.0, "percent_covered_display": "0", "missing_lines": 13, "excluded_lines": 0, "percent_statements_covered": 0.0, "percent_statements_covered_display": "0"}, "missing_lines": [46, 47, 48, 49, 50, 51, 52, 54, 55, 57, 58, 59, 61], "excluded_lines": [], "start_line": 45}, "compute_feature_correlation_matrix": {"executed_lines": [], "summary": {"covered_lines": 0, "num_statements": 6, "percent_covered": 0.0, "percent_covered_display": "0", "missing_lines": 6, "excluded_lines": 0, "percent_statements_covered": 0.0, "percent_statements_covered_display": "0"}, "missing_lines": [65, 66, 67, 68, 69, 71], "excluded_lines": [], "start_line": 64}, "find_redundant_features": {"executed_lines": [], "summary": {"covered_lines": 0, "num_statements": 3, "percent_covered": 0.0, "percent_covered_display": "0", "missing_lines": 3, "excluded_lines": 0, "percent_statements_covered": 0.0, "percent_statements_covered_display": "0"}, "missing_lines": [75, 76, 77], "excluded_lines": [], "start_line": 74}, "compute_mutual_information": {"executed_lines": [], "summary": {"covered_lines": 0, "num_statements": 7, "percent_covered": 0.0, "percent_covered_display": "0", "missing_lines": 7, "excluded_lines": 0, "percent_statements_covered": 0.0, "percent_statements_covered_display": "0"}, "missing_lines": [81, 82, 83, 84, 86, 87, 92], "excluded_lines": [], "start_line": 80}, "plot_correlation_bar": {"executed_lines": [], "summary": {"covered_lines": 0, "num_statements": 13, "percent_covered": 0.0, "percent_covered_display": "0", "missing_lines": 13, "excluded_lines": 0, "percent_statements_covered": 0.0, "percent_statements_covered_display": "0"}, "missing_lines": [96, 97, 98, 99, 100, 101, 102, 103, 104, 105, 106, 107, 108], "excluded_lines": [], "start_line": 95}, "plot_correlation_heatmap": {"executed_lines": [], "summary": {"covered_lines": 0, "num_statements": 11, "percent_covered": 0.0, "percent_covered_display": "0", "missing_lines": 11, "excluded_lines": 0, "percent_statements_covered": 0.0, "percent_statements_covered_display": "0"}, "missing_lines": [112, 113, 114, 115, 116, 117, 118, 119, 120, 121, 122], "excluded_lines": [], "start_line": 111}, "plot_group_heatmap": {"executed_lines": [], "summary": {"covered_lines": 0, "num_statements": 23, "percent_covered": 0.0, "percent_covered_display": "0", "missing_lines": 23, "excluded_lines": 0, "percent_statements_covered": 0.0, "percent_statements_covered_display": "0"}, "missing_lines": [126, 127, 128, 129, 131, 132, 133, 135, 136, 137, 138, 139, 140, 141, 143, 144, 145, 146, 147, 148, 149, 150, 151], "excluded_lines": [], "start_line": 125}, "plot_redundancy_network": {"executed_lines": [], "summary": {"covered_lines": 0, "num_statements": 11, "percent_covered": 0.0, "percent_covered_display": "0", "missing_lines": 11, "excluded_lines": 0, "percent_statements_covered": 0.0, "percent_statements_covered_display": "0"}, "missing_lines": [155, 156, 157, 159, 160, 161, 163, 164, 165, 166, 167], "excluded_lines": [], "start_line": 154}, "run_correlation_analysis": {"executed_lines": [], "summary": {"covered_lines": 0, "num_statements": 50, "percent_covered": 0.0, "percent_covered_display": "0", "missing_lines": 50, "excluded_lines": 0, "percent_statements_covered": 0.0, "percent_statements_covered_display": "0"}, "missing_lines": [173, 174, 175, 176, 178, 179, 180, 182, 183, 184, 186, 188, 189, 190, 191, 192, 194, 195, 196, 197, 198, 200, 201, 202, 203, 204, 205, 206, 207, 209, 210, 211, 212, 213, 215, 216, 217, 218, 219, 220, 222, 223, 224, 225, 226, 227, 229, 230, 231, 233], "excluded_lines": [], "start_line": 170}, "_build_combined_ranking": {"executed_lines": [], "summary": {"covered_lines": 0, "num_statements": 8, "percent_covered": 0.0, "percent_covered_display": "0", "missing_lines": 8, "excluded_lines": 0, "percent_statements_covered": 0.0, "percent_statements_covered_display": "0"}, "missing_lines": [237, 240, 241, 242, 243, 244, 245, 246], "excluded_lines": [], "start_line": 236}, "_build_combined_ranking._rank": {"executed_lines": [], "summary": {"covered_lines": 0, "num_statements": 1, "percent_covered": 0.0, "percent_covered_display": "0", "missing_lines": 1, "excluded_lines": 0, "percent_statements_covered": 0.0, "percent_statements_covered_display": "0"}, "missing_lines": [238], "excluded_lines": [], "start_line": 237}, "": {"executed_lines": [], "summary": {"covered_lines": 0, "num_statements": 32, "percent_covered": 0.0, "percent_covered_display": "0", "missing_lines": 32, "excluded_lines": 0, "percent_statements_covered": 0.0, "percent_statements_covered_display": "0"}, "missing_lines": [5, 7, 8, 10, 11, 12, 13, 16, 17, 18, 19, 21, 24, 45, 64, 74, 80, 95, 111, 125, 154, 170, 236, 249, 250, 251, 252, 253, 254, 255, 256, 257], "excluded_lines": [], "start_line": 1}}, "classes": {"": {"executed_lines": [], "summary": {"covered_lines": 0, "num_statements": 186, "percent_covered": 0.0, "percent_covered_display": "0", "missing_lines": 186, "excluded_lines": 0, "percent_statements_covered": 0.0, "percent_statements_covered_display": "0"}, "missing_lines": [5, 7, 8, 10, 11, 12, 13, 16, 17, 18, 19, 21, 24, 25, 26, 27, 28, 29, 30, 31, 42, 45, 46, 47, 48, 49, 50, 51, 52, 54, 55, 57, 58, 59, 61, 64, 65, 66, 67, 68, 69, 71, 74, 75, 76, 77, 80, 81, 82, 83, 84, 86, 87, 92, 95, 96, 97, 98, 99, 100, 101, 102, 103, 104, 105, 106, 107, 108, 111, 112, 113, 114, 115, 116, 117, 118, 119, 120, 121, 122, 125, 126, 127, 128, 129, 131, 132, 133, 135, 136, 137, 138, 139, 140, 141, 143, 144, 145, 146, 147, 148, 149, 150, 151, 154, 155, 156, 157, 159, 160, 161, 163, 164, 165, 166, 167, 170, 173, 174, 175, 176, 178, 179, 180, 182, 183, 184, 186, 188, 189, 190, 191, 192, 194, 195, 196, 197, 198, 200, 201, 202, 203, 204, 205, 206, 207, 209, 210, 211, 212, 213, 215, 216, 217, 218, 219, 220, 222, 223, 224, 225, 226, 227, 229, 230, 231, 233, 236, 237, 238, 240, 241, 242, 243, 244, 245, 246, 249, 250, 251, 252, 253, 254, 255, 256, 257], "excluded_lines": [], "start_line": 1}}}, "analysis/feature_importance/permutation_importance.py": {"executed_lines": [], "summary": {"covered_lines": 0, "num_statements": 136, "percent_covered": 0.0, "percent_covered_display": "0", "missing_lines": 136, "excluded_lines": 0, "percent_statements_covered": 0.0, "percent_statements_covered_display": "0"}, "missing_lines": [5, 7, 8, 10, 11, 12, 13, 16, 18, 19, 20, 21, 22, 23, 26, 28, 31, 32, 37, 38, 41, 42, 45, 48, 49, 50, 51, 52, 53, 56, 57, 58, 59, 60, 63, 64, 65, 66, 67, 69, 70, 72, 73, 74, 75, 76, 77, 79, 80, 83, 84, 87, 88, 89, 91, 92, 93, 94, 95, 96, 97, 98, 99, 100, 101, 102, 105, 106, 107, 108, 110, 111, 112, 113, 114, 115, 116, 117, 119, 121, 122, 123, 124, 126, 127, 128, 129, 130, 131, 133, 134, 135, 136, 137, 138, 139, 140, 141, 142, 143, 146, 149, 150, 151, 152, 154, 155, 157, 158, 159, 161, 162, 163, 165, 167, 168, 169, 170, 171, 172, 173, 174, 175, 177, 178, 180, 183, 184, 185, 186, 187, 188, 189, 190, 191, 192], "excluded_lines": [], "functions": {"_catboost_model": {"executed_lines": [], "summary": {"covered_lines": 0, "num_statements": 1, "percent_covered": 0.0, "percent_covered_display": "0", "missing_lines": 1, "excluded_lines": 0, "percent_statements_covered": 0.0, "percent_statements_covered_display": "0"}, "missing_lines": [32], "excluded_lines": [], "start_line": 31}, "_ridge_pipeline": {"executed_lines": [], "summary": {"covered_lines": 0, "num_statements": 1, "percent_covered": 0.0, "percent_covered_display": "0", "missing_lines": 1, "excluded_lines": 0, "percent_statements_covered": 0.0, "percent_statements_covered_display": "0"}, "missing_lines": [38], "excluded_lines": [], "start_line": 37}, "_rf_model": {"executed_lines": [], "summary": {"covered_lines": 0, "num_statements": 1, "percent_covered": 0.0, "percent_covered_display": "0", "missing_lines": 1, "excluded_lines": 0, "percent_statements_covered": 0.0, "percent_statements_covered_display": "0"}, "missing_lines": [42], "excluded_lines": [], "start_line": 41}, "_fit_model": {"executed_lines": [], "summary": {"covered_lines": 0, "num_statements": 5, "percent_covered": 0.0, "percent_covered_display": "0", "missing_lines": 5, "excluded_lines": 0, "percent_statements_covered": 0.0, "percent_statements_covered_display": "0"}, "missing_lines": [49, 50, 51, 52, 53], "excluded_lines": [], "start_line": 48}, "compute_permutation_importance": {"executed_lines": [], "summary": {"covered_lines": 0, "num_statements": 4, "percent_covered": 0.0, "percent_covered_display": "0", "missing_lines": 4, "excluded_lines": 0, "percent_statements_covered": 0.0, "percent_statements_covered_display": "0"}, "missing_lines": [57, 58, 59, 60], "excluded_lines": [], "start_line": 56}, "compute_loo_permutation_importance": {"executed_lines": [], "summary": {"covered_lines": 0, "num_statements": 14, "percent_covered": 0.0, "percent_covered_display": "0", "missing_lines": 14, "excluded_lines": 0, "percent_statements_covered": 0.0, "percent_statements_covered_display": "0"}, "missing_lines": [64, 65, 66, 67, 69, 70, 72, 73, 74, 75, 76, 77, 79, 80], "excluded_lines": [], "start_line": 63}, "_importance_frame": {"executed_lines": [], "summary": {"covered_lines": 0, "num_statements": 1, "percent_covered": 0.0, "percent_covered_display": "0", "missing_lines": 1, "excluded_lines": 0, "percent_statements_covered": 0.0, "percent_statements_covered_display": "0"}, "missing_lines": [84], "excluded_lines": [], "start_line": 83}, "plot_permutation_importance": {"executed_lines": [], "summary": {"covered_lines": 0, "num_statements": 14, "percent_covered": 0.0, "percent_covered_display": "0", "missing_lines": 14, "excluded_lines": 0, "percent_statements_covered": 0.0, "percent_statements_covered_display": "0"}, "missing_lines": [88, 89, 91, 92, 93, 94, 95, 96, 97, 98, 99, 100, 101, 102], "excluded_lines": [], "start_line": 87}, "plot_multi_model_comparison": {"executed_lines": [], "summary": {"covered_lines": 0, "num_statements": 33, "percent_covered": 0.0, "percent_covered_display": "0", "missing_lines": 33, "excluded_lines": 0, "percent_statements_covered": 0.0, "percent_statements_covered_display": "0"}, "missing_lines": [106, 107, 108, 110, 111, 112, 113, 114, 115, 116, 117, 119, 121, 122, 123, 124, 126, 127, 128, 129, 130, 131, 133, 134, 135, 136, 137, 138, 139, 140, 141, 142, 143], "excluded_lines": [], "start_line": 105}, "run_permutation_importance": {"executed_lines": [], "summary": {"covered_lines": 0, "num_statements": 25, "percent_covered": 0.0, "percent_covered_display": "0", "missing_lines": 25, "excluded_lines": 0, "percent_statements_covered": 0.0, "percent_statements_covered_display": "0"}, "missing_lines": [149, 150, 151, 152, 154, 155, 157, 158, 159, 161, 162, 163, 165, 167, 168, 169, 170, 171, 172, 173, 174, 175, 177, 178, 180], "excluded_lines": [], "start_line": 146}, "": {"executed_lines": [], "summary": {"covered_lines": 0, "num_statements": 37, "percent_covered": 0.0, "percent_covered_display": "0", "missing_lines": 37, "excluded_lines": 0, "percent_statements_covered": 0.0, "percent_statements_covered_display": "0"}, "missing_lines": [5, 7, 8, 10, 11, 12, 13, 16, 18, 19, 20, 21, 22, 23, 26, 28, 31, 37, 41, 45, 48, 56, 63, 83, 87, 105, 146, 183, 184, 185, 186, 187, 188, 189, 190, 191, 192], "excluded_lines": [], "start_line": 1}}, "classes": {"": {"executed_lines": [], "summary": {"covered_lines": 0, "num_statements": 136, "percent_covered": 0.0, "percent_covered_display": "0", "missing_lines": 136, "excluded_lines": 0, "percent_statements_covered": 0.0, "percent_statements_covered_display": "0"}, "missing_lines": [5, 7, 8, 10, 11, 12, 13, 16, 18, 19, 20, 21, 22, 23, 26, 28, 31, 32, 37, 38, 41, 42, 45, 48, 49, 50, 51, 52, 53, 56, 57, 58, 59, 60, 63, 64, 65, 66, 67, 69, 70, 72, 73, 74, 75, 76, 77, 79, 80, 83, 84, 87, 88, 89, 91, 92, 93, 94, 95, 96, 97, 98, 99, 100, 101, 102, 105, 106, 107, 108, 110, 111, 112, 113, 114, 115, 116, 117, 119, 121, 122, 123, 124, 126, 127, 128, 129, 130, 131, 133, 134, 135, 136, 137, 138, 139, 140, 141, 142, 143, 146, 149, 150, 151, 152, 154, 155, 157, 158, 159, 161, 162, 163, 165, 167, 168, 169, 170, 171, 172, 173, 174, 175, 177, 178, 180, 183, 184, 185, 186, 187, 188, 189, 190, 191, 192], "excluded_lines": [], "start_line": 1}}}, "analysis/feature_importance/run_all.py": {"executed_lines": [], "summary": {"covered_lines": 0, "num_statements": 193, "percent_covered": 0.0, "percent_covered_display": "0", "missing_lines": 193, "excluded_lines": 0, "percent_statements_covered": 0.0, "percent_statements_covered_display": "0"}, "missing_lines": [5, 7, 8, 9, 10, 12, 13, 14, 15, 16, 17, 18, 19, 20, 21, 22, 24, 27, 28, 31, 32, 35, 36, 39, 40, 43, 44, 47, 50, 51, 53, 54, 55, 56, 57, 58, 59, 60, 62, 63, 64, 65, 66, 67, 68, 70, 71, 72, 77, 78, 79, 80, 81, 83, 84, 85, 86, 87, 88, 89, 91, 92, 93, 94, 95, 96, 97, 98, 100, 101, 102, 104, 105, 107, 108, 109, 110, 111, 112, 113, 114, 116, 117, 118, 120, 121, 123, 124, 126, 127, 128, 129, 132, 133, 134, 141, 142, 143, 145, 146, 147, 148, 149, 150, 151, 153, 154, 155, 156, 157, 158, 159, 161, 162, 163, 164, 165, 166, 167, 168, 169, 170, 172, 173, 174, 175, 178, 179, 180, 182, 183, 184, 185, 186, 188, 189, 190, 191, 192, 193, 194, 196, 197, 199, 200, 201, 202, 203, 206, 209, 210, 211, 212, 214, 215, 217, 219, 220, 222, 223, 224, 225, 227, 228, 229, 230, 231, 232, 233, 234, 235, 236, 237, 239, 240, 242, 243, 244, 246, 247, 249, 251, 252, 254, 257, 258, 261, 262, 263, 264, 265, 268, 269], "excluded_lines": [], "functions": {"_run_catboost": {"executed_lines": [], "summary": {"covered_lines": 0, "num_statements": 1, "percent_covered": 0.0, "percent_covered_display": "0", "missing_lines": 1, "excluded_lines": 0, "percent_statements_covered": 0.0, "percent_statements_covered_display": "0"}, "missing_lines": [28], "excluded_lines": [], "start_line": 27}, "_run_permutation": {"executed_lines": [], "summary": {"covered_lines": 0, "num_statements": 1, "percent_covered": 0.0, "percent_covered_display": "0", "missing_lines": 1, "excluded_lines": 0, "percent_statements_covered": 0.0, "percent_statements_covered_display": "0"}, "missing_lines": [32], "excluded_lines": [], "start_line": 31}, "_run_correlation": {"executed_lines": [], "summary": {"covered_lines": 0, "num_statements": 1, "percent_covered": 0.0, "percent_covered_display": "0", "missing_lines": 1, "excluded_lines": 0, "percent_statements_covered": 0.0, "percent_statements_covered_display": "0"}, "missing_lines": [36], "excluded_lines": [], "start_line": 35}, "_run_shap": {"executed_lines": [], "summary": {"covered_lines": 0, "num_statements": 1, "percent_covered": 0.0, "percent_covered_display": "0", "missing_lines": 1, "excluded_lines": 0, "percent_statements_covered": 0.0, "percent_statements_covered_display": "0"}, "missing_lines": [40], "excluded_lines": [], "start_line": 39}, "_run_transformer": {"executed_lines": [], "summary": {"covered_lines": 0, "num_statements": 1, "percent_covered": 0.0, "percent_covered_display": "0", "missing_lines": 1, "excluded_lines": 0, "percent_statements_covered": 0.0, "percent_statements_covered_display": "0"}, "missing_lines": [44], "excluded_lines": [], "start_line": 43}, "build_master_ranking": {"executed_lines": [], "summary": {"covered_lines": 0, "num_statements": 63, "percent_covered": 0.0, "percent_covered_display": "0", "missing_lines": 63, "excluded_lines": 0, "percent_statements_covered": 0.0, "percent_statements_covered_display": "0"}, "missing_lines": [51, 53, 54, 55, 56, 57, 58, 59, 60, 62, 63, 64, 65, 66, 67, 68, 70, 71, 72, 77, 78, 79, 80, 81, 83, 84, 85, 86, 87, 88, 89, 91, 92, 93, 94, 95, 96, 97, 98, 100, 101, 102, 104, 105, 107, 108, 109, 110, 111, 112, 113, 114, 116, 117, 118, 120, 121, 123, 124, 126, 127, 128, 129], "excluded_lines": [], "start_line": 50}, "write_summary_report": {"executed_lines": [], "summary": {"covered_lines": 0, "num_statements": 33, "percent_covered": 0.0, "percent_covered_display": "0", "missing_lines": 33, "excluded_lines": 0, "percent_statements_covered": 0.0, "percent_statements_covered_display": "0"}, "missing_lines": [133, 134, 141, 142, 143, 145, 146, 147, 148, 149, 150, 151, 153, 154, 155, 156, 157, 158, 159, 161, 162, 163, 164, 165, 166, 167, 168, 169, 170, 172, 173, 174, 175], "excluded_lines": [], "start_line": 132}, "plot_master_ranking": {"executed_lines": [], "summary": {"covered_lines": 0, "num_statements": 21, "percent_covered": 0.0, "percent_covered_display": "0", "missing_lines": 21, "excluded_lines": 0, "percent_statements_covered": 0.0, "percent_statements_covered_display": "0"}, "missing_lines": [179, 180, 182, 183, 184, 185, 186, 188, 189, 190, 191, 192, 193, 194, 196, 197, 199, 200, 201, 202, 203], "excluded_lines": [], "start_line": 178}, "run_all": {"executed_lines": [], "summary": {"covered_lines": 0, "num_statements": 35, "percent_covered": 0.0, "percent_covered_display": "0", "missing_lines": 35, "excluded_lines": 0, "percent_statements_covered": 0.0, "percent_statements_covered_display": "0"}, "missing_lines": [209, 210, 211, 212, 214, 215, 217, 219, 220, 222, 223, 224, 225, 227, 228, 229, 230, 231, 232, 233, 234, 235, 236, 237, 239, 240, 242, 243, 244, 246, 247, 249, 251, 252, 254], "excluded_lines": [], "start_line": 206}, "": {"executed_lines": [], "summary": {"covered_lines": 0, "num_statements": 36, "percent_covered": 0.0, "percent_covered_display": "0", "missing_lines": 36, "excluded_lines": 0, "percent_statements_covered": 0.0, "percent_statements_covered_display": "0"}, "missing_lines": [5, 7, 8, 9, 10, 12, 13, 14, 15, 16, 17, 18, 19, 20, 21, 22, 24, 27, 31, 35, 39, 43, 47, 50, 132, 178, 206, 257, 258, 261, 262, 263, 264, 265, 268, 269], "excluded_lines": [], "start_line": 1}}, "classes": {"": {"executed_lines": [], "summary": {"covered_lines": 0, "num_statements": 193, "percent_covered": 0.0, "percent_covered_display": "0", "missing_lines": 193, "excluded_lines": 0, "percent_statements_covered": 0.0, "percent_statements_covered_display": "0"}, "missing_lines": [5, 7, 8, 9, 10, 12, 13, 14, 15, 16, 17, 18, 19, 20, 21, 22, 24, 27, 28, 31, 32, 35, 36, 39, 40, 43, 44, 47, 50, 51, 53, 54, 55, 56, 57, 58, 59, 60, 62, 63, 64, 65, 66, 67, 68, 70, 71, 72, 77, 78, 79, 80, 81, 83, 84, 85, 86, 87, 88, 89, 91, 92, 93, 94, 95, 96, 97, 98, 100, 101, 102, 104, 105, 107, 108, 109, 110, 111, 112, 113, 114, 116, 117, 118, 120, 121, 123, 124, 126, 127, 128, 129, 132, 133, 134, 141, 142, 143, 145, 146, 147, 148, 149, 150, 151, 153, 154, 155, 156, 157, 158, 159, 161, 162, 163, 164, 165, 166, 167, 168, 169, 170, 172, 173, 174, 175, 178, 179, 180, 182, 183, 184, 185, 186, 188, 189, 190, 191, 192, 193, 194, 196, 197, 199, 200, 201, 202, 203, 206, 209, 210, 211, 212, 214, 215, 217, 219, 220, 222, 223, 224, 225, 227, 228, 229, 230, 231, 232, 233, 234, 235, 236, 237, 239, 240, 242, 243, 244, 246, 247, 249, 251, 252, 254, 257, 258, 261, 262, 263, 264, 265, 268, 269], "excluded_lines": [], "start_line": 1}}}, "analysis/feature_importance/seq_predict_permutation.py": {"executed_lines": [], "summary": {"covered_lines": 0, "num_statements": 107, "percent_covered": 0.0, "percent_covered_display": "0", "missing_lines": 107, "excluded_lines": 0, "percent_statements_covered": 0.0, "percent_statements_covered_display": "0"}, "missing_lines": [3, 5, 7, 9, 10, 11, 12, 13, 14, 16, 18, 19, 21, 24, 25, 26, 27, 28, 29, 30, 34, 37, 38, 41, 42, 43, 44, 46, 47, 48, 49, 50, 51, 54, 55, 56, 57, 58, 59, 61, 62, 64, 65, 66, 67, 69, 70, 71, 72, 73, 76, 77, 78, 84, 85, 86, 87, 90, 91, 92, 94, 95, 96, 97, 99, 100, 102, 103, 104, 105, 106, 107, 108, 109, 110, 111, 112, 113, 114, 125, 126, 127, 128, 129, 131, 132, 133, 134, 135, 136, 137, 138, 139, 140, 141, 151, 152, 153, 154, 156, 157, 158, 159, 162, 163, 164, 165], "excluded_lines": [], "functions": {"_predict_video_metrics": {"executed_lines": [], "summary": {"covered_lines": 0, "num_statements": 7, "percent_covered": 0.0, "percent_covered_display": "0", "missing_lines": 7, "excluded_lines": 0, "percent_statements_covered": 0.0, "percent_statements_covered_display": "0"}, "missing_lines": [25, 26, 27, 28, 29, 30, 34], "excluded_lines": [], "start_line": 24}, "_mean_metric": {"executed_lines": [], "summary": {"covered_lines": 0, "num_statements": 1, "percent_covered": 0.0, "percent_covered_display": "0", "missing_lines": 1, "excluded_lines": 0, "percent_statements_covered": 0.0, "percent_statements_covered_display": "0"}, "missing_lines": [38], "excluded_lines": [], "start_line": 37}, "_plot_importance": {"executed_lines": [], "summary": {"covered_lines": 0, "num_statements": 9, "percent_covered": 0.0, "percent_covered_display": "0", "missing_lines": 9, "excluded_lines": 0, "percent_statements_covered": 0.0, "percent_statements_covered_display": "0"}, "missing_lines": [42, 43, 44, 46, 47, 48, 49, 50, 51], "excluded_lines": [], "start_line": 41}, "_build_master_ranking": {"executed_lines": [], "summary": {"covered_lines": 0, "num_statements": 16, "percent_covered": 0.0, "percent_covered_display": "0", "missing_lines": 16, "excluded_lines": 0, "percent_statements_covered": 0.0, "percent_statements_covered_display": "0"}, "missing_lines": [55, 56, 57, 58, 59, 61, 62, 64, 65, 66, 67, 69, 70, 71, 72, 73], "excluded_lines": [], "start_line": 54}, "_write_summary": {"executed_lines": [], "summary": {"covered_lines": 0, "num_statements": 6, "percent_covered": 0.0, "percent_covered_display": "0", "missing_lines": 6, "excluded_lines": 0, "percent_statements_covered": 0.0, "percent_statements_covered_display": "0"}, "missing_lines": [77, 78, 84, 85, 86, 87], "excluded_lines": [], "start_line": 76}, "compute_predict_video_loss_importance": {"executed_lines": [], "summary": {"covered_lines": 0, "num_statements": 45, "percent_covered": 0.0, "percent_covered_display": "0", "missing_lines": 45, "excluded_lines": 0, "percent_statements_covered": 0.0, "percent_statements_covered_display": "0"}, "missing_lines": [91, 92, 94, 95, 96, 97, 99, 100, 102, 103, 104, 105, 106, 107, 108, 109, 110, 111, 112, 113, 114, 125, 126, 127, 128, 129, 131, 132, 133, 134, 135, 136, 137, 138, 139, 140, 141, 151, 152, 153, 154, 156, 157, 158, 159], "excluded_lines": [], "start_line": 90}, "compute_predict_video_permutation_importance": {"executed_lines": [], "summary": {"covered_lines": 0, "num_statements": 3, "percent_covered": 0.0, "percent_covered_display": "0", "missing_lines": 3, "excluded_lines": 0, "percent_statements_covered": 0.0, "percent_statements_covered_display": "0"}, "missing_lines": [163, 164, 165], "excluded_lines": [], "start_line": 162}, "": {"executed_lines": [], "summary": {"covered_lines": 0, "num_statements": 20, "percent_covered": 0.0, "percent_covered_display": "0", "missing_lines": 20, "excluded_lines": 0, "percent_statements_covered": 0.0, "percent_statements_covered_display": "0"}, "missing_lines": [3, 5, 7, 9, 10, 11, 12, 13, 14, 16, 18, 19, 21, 24, 37, 41, 54, 76, 90, 162], "excluded_lines": [], "start_line": 1}}, "classes": {"": {"executed_lines": [], "summary": {"covered_lines": 0, "num_statements": 107, "percent_covered": 0.0, "percent_covered_display": "0", "missing_lines": 107, "excluded_lines": 0, "percent_statements_covered": 0.0, "percent_statements_covered_display": "0"}, "missing_lines": [3, 5, 7, 9, 10, 11, 12, 13, 14, 16, 18, 19, 21, 24, 25, 26, 27, 28, 29, 30, 34, 37, 38, 41, 42, 43, 44, 46, 47, 48, 49, 50, 51, 54, 55, 56, 57, 58, 59, 61, 62, 64, 65, 66, 67, 69, 70, 71, 72, 73, 76, 77, 78, 84, 85, 86, 87, 90, 91, 92, 94, 95, 96, 97, 99, 100, 102, 103, 104, 105, 106, 107, 108, 109, 110, 111, 112, 113, 114, 125, 126, 127, 128, 129, 131, 132, 133, 134, 135, 136, 137, 138, 139, 140, 141, 151, 152, 153, 154, 156, 157, 158, 159, 162, 163, 164, 165], "excluded_lines": [], "start_line": 1}}}, "analysis/feature_importance/shap_analysis.py": {"executed_lines": [], "summary": {"covered_lines": 0, "num_statements": 162, "percent_covered": 0.0, "percent_covered_display": "0", "missing_lines": 162, "excluded_lines": 0, "percent_statements_covered": 0.0, "percent_statements_covered_display": "0"}, "missing_lines": [5, 7, 8, 10, 11, 12, 13, 16, 18, 19, 20, 23, 24, 25, 28, 29, 32, 33, 34, 35, 36, 37, 40, 41, 42, 43, 44, 45, 48, 49, 50, 51, 52, 53, 54, 55, 58, 59, 60, 61, 62, 64, 65, 66, 67, 68, 69, 70, 71, 72, 75, 76, 77, 78, 79, 80, 81, 82, 83, 84, 85, 88, 89, 90, 91, 92, 93, 94, 95, 96, 97, 100, 101, 102, 103, 104, 105, 107, 108, 109, 110, 111, 112, 113, 114, 115, 116, 117, 120, 121, 122, 123, 124, 125, 127, 128, 129, 130, 132, 133, 134, 135, 136, 137, 138, 139, 140, 143, 144, 145, 146, 149, 152, 153, 154, 155, 157, 158, 159, 161, 162, 163, 165, 166, 168, 169, 170, 172, 173, 175, 176, 181, 183, 184, 185, 187, 189, 190, 191, 192, 193, 195, 198, 202, 204, 205, 206, 207, 208, 209, 210, 212, 214, 217, 218, 219, 220, 221, 222, 223, 224, 225], "excluded_lines": [], "functions": {"_train_catboost": {"executed_lines": [], "summary": {"covered_lines": 0, "num_statements": 4, "percent_covered": 0.0, "percent_covered_display": "0", "missing_lines": 4, "excluded_lines": 0, "percent_statements_covered": 0.0, "percent_statements_covered_display": "0"}, "missing_lines": [24, 25, 28, 29], "excluded_lines": [], "start_line": 23}, "compute_shap_values_catboost": {"executed_lines": [], "summary": {"covered_lines": 0, "num_statements": 5, "percent_covered": 0.0, "percent_covered_display": "0", "missing_lines": 5, "excluded_lines": 0, "percent_statements_covered": 0.0, "percent_statements_covered_display": "0"}, "missing_lines": [33, 34, 35, 36, 37], "excluded_lines": [], "start_line": 32}, "compute_shap_values_sklearn": {"executed_lines": [], "summary": {"covered_lines": 0, "num_statements": 5, "percent_covered": 0.0, "percent_covered_display": "0", "missing_lines": 5, "excluded_lines": 0, "percent_statements_covered": 0.0, "percent_statements_covered_display": "0"}, "missing_lines": [41, 42, 43, 44, 45], "excluded_lines": [], "start_line": 40}, "plot_shap_summary": {"executed_lines": [], "summary": {"covered_lines": 0, "num_statements": 7, "percent_covered": 0.0, "percent_covered_display": "0", "missing_lines": 7, "excluded_lines": 0, "percent_statements_covered": 0.0, "percent_statements_covered_display": "0"}, "missing_lines": [49, 50, 51, 52, 53, 54, 55], "excluded_lines": [], "start_line": 48}, "_fallback_shap_bar": {"executed_lines": [], "summary": {"covered_lines": 0, "num_statements": 13, "percent_covered": 0.0, "percent_covered_display": "0", "missing_lines": 13, "excluded_lines": 0, "percent_statements_covered": 0.0, "percent_statements_covered_display": "0"}, "missing_lines": [59, 60, 61, 62, 64, 65, 66, 67, 68, 69, 70, 71, 72], "excluded_lines": [], "start_line": 58}, "plot_shap_waterfall": {"executed_lines": [], "summary": {"covered_lines": 0, "num_statements": 10, "percent_covered": 0.0, "percent_covered_display": "0", "missing_lines": 10, "excluded_lines": 0, "percent_statements_covered": 0.0, "percent_statements_covered_display": "0"}, "missing_lines": [76, 77, 78, 79, 80, 81, 82, 83, 84, 85], "excluded_lines": [], "start_line": 75}, "plot_shap_dependence": {"executed_lines": [], "summary": {"covered_lines": 0, "num_statements": 9, "percent_covered": 0.0, "percent_covered_display": "0", "missing_lines": 9, "excluded_lines": 0, "percent_statements_covered": 0.0, "percent_statements_covered_display": "0"}, "missing_lines": [89, 90, 91, 92, 93, 94, 95, 96, 97], "excluded_lines": [], "start_line": 88}, "_fallback_dependence": {"executed_lines": [], "summary": {"covered_lines": 0, "num_statements": 16, "percent_covered": 0.0, "percent_covered_display": "0", "missing_lines": 16, "excluded_lines": 0, "percent_statements_covered": 0.0, "percent_statements_covered_display": "0"}, "missing_lines": [101, 102, 103, 104, 105, 107, 108, 109, 110, 111, 112, 113, 114, 115, 116, 117], "excluded_lines": [], "start_line": 100}, "plot_shap_group_bar": {"executed_lines": [], "summary": {"covered_lines": 0, "num_statements": 18, "percent_covered": 0.0, "percent_covered_display": "0", "missing_lines": 18, "excluded_lines": 0, "percent_statements_covered": 0.0, "percent_statements_covered_display": "0"}, "missing_lines": [121, 122, 123, 124, 125, 127, 128, 129, 130, 132, 133, 134, 135, 136, 137, 138, 139, 140], "excluded_lines": [], "start_line": 120}, "save_shap_html": {"executed_lines": [], "summary": {"covered_lines": 0, "num_statements": 3, "percent_covered": 0.0, "percent_covered_display": "0", "missing_lines": 3, "excluded_lines": 0, "percent_statements_covered": 0.0, "percent_statements_covered_display": "0"}, "missing_lines": [144, 145, 146], "excluded_lines": [], "start_line": 143}, "run_shap_analysis": {"executed_lines": [], "summary": {"covered_lines": 0, "num_statements": 41, "percent_covered": 0.0, "percent_covered_display": "0", "missing_lines": 41, "excluded_lines": 0, "percent_statements_covered": 0.0, "percent_statements_covered_display": "0"}, "missing_lines": [152, 153, 154, 155, 157, 158, 159, 161, 162, 163, 165, 166, 168, 169, 170, 172, 173, 175, 176, 181, 183, 184, 185, 187, 189, 190, 191, 192, 193, 195, 198, 202, 204, 205, 206, 207, 208, 209, 210, 212, 214], "excluded_lines": [], "start_line": 149}, "": {"executed_lines": [], "summary": {"covered_lines": 0, "num_statements": 31, "percent_covered": 0.0, "percent_covered_display": "0", "missing_lines": 31, "excluded_lines": 0, "percent_statements_covered": 0.0, "percent_statements_covered_display": "0"}, "missing_lines": [5, 7, 8, 10, 11, 12, 13, 16, 18, 19, 20, 23, 32, 40, 48, 58, 75, 88, 100, 120, 143, 149, 217, 218, 219, 220, 221, 222, 223, 224, 225], "excluded_lines": [], "start_line": 1}}, "classes": {"": {"executed_lines": [], "summary": {"covered_lines": 0, "num_statements": 162, "percent_covered": 0.0, "percent_covered_display": "0", "missing_lines": 162, "excluded_lines": 0, "percent_statements_covered": 0.0, "percent_statements_covered_display": "0"}, "missing_lines": [5, 7, 8, 10, 11, 12, 13, 16, 18, 19, 20, 23, 24, 25, 28, 29, 32, 33, 34, 35, 36, 37, 40, 41, 42, 43, 44, 45, 48, 49, 50, 51, 52, 53, 54, 55, 58, 59, 60, 61, 62, 64, 65, 66, 67, 68, 69, 70, 71, 72, 75, 76, 77, 78, 79, 80, 81, 82, 83, 84, 85, 88, 89, 90, 91, 92, 93, 94, 95, 96, 97, 100, 101, 102, 103, 104, 105, 107, 108, 109, 110, 111, 112, 113, 114, 115, 116, 117, 120, 121, 122, 123, 124, 125, 127, 128, 129, 130, 132, 133, 134, 135, 136, 137, 138, 139, 140, 143, 144, 145, 146, 149, 152, 153, 154, 155, 157, 158, 159, 161, 162, 163, 165, 166, 168, 169, 170, 172, 173, 175, 176, 181, 183, 184, 185, 187, 189, 190, 191, 192, 193, 195, 198, 202, 204, 205, 206, 207, 208, 209, 210, 212, 214, 217, 218, 219, 220, 221, 222, 223, 224, 225], "excluded_lines": [], "start_line": 1}}}, "analysis/feature_importance/transformer_importance.py": {"executed_lines": [], "summary": {"covered_lines": 0, "num_statements": 275, "percent_covered": 0.0, "percent_covered_display": "0", "missing_lines": 275, "excluded_lines": 0, "percent_statements_covered": 0.0, "percent_statements_covered_display": "0"}, "missing_lines": [5, 7, 8, 9, 11, 12, 13, 14, 17, 19, 20, 21, 22, 23, 24, 26, 29, 30, 31, 32, 33, 34, 36, 37, 40, 41, 42, 43, 44, 46, 47, 49, 57, 59, 61, 62, 64, 65, 66, 67, 68, 70, 71, 72, 73, 74, 75, 82, 83, 84, 85, 86, 88, 90, 91, 93, 96, 97, 98, 99, 101, 102, 104, 105, 106, 107, 108, 109, 111, 114, 115, 116, 118, 119, 120, 121, 123, 124, 127, 128, 129, 130, 131, 132, 134, 135, 136, 137, 138, 140, 142, 143, 145, 146, 147, 148, 149, 152, 153, 154, 155, 156, 157, 159, 160, 161, 162, 163, 164, 165, 166, 167, 168, 169, 170, 171, 174, 175, 176, 177, 179, 180, 182, 183, 184, 186, 187, 188, 189, 190, 191, 192, 193, 194, 195, 196, 197, 198, 199, 200, 201, 204, 205, 206, 207, 208, 209, 210, 211, 212, 213, 214, 215, 218, 231, 232, 234, 235, 237, 238, 240, 241, 242, 244, 245, 246, 247, 248, 249, 250, 251, 252, 253, 254, 255, 256, 257, 258, 259, 261, 262, 265, 268, 269, 270, 272, 273, 274, 275, 276, 277, 279, 280, 281, 283, 284, 285, 287, 288, 289, 290, 291, 292, 294, 297, 309, 310, 311, 312, 314, 315, 316, 318, 319, 320, 322, 323, 324, 326, 327, 328, 329, 331, 332, 333, 334, 335, 336, 338, 339, 340, 342, 343, 344, 347, 348, 349, 351, 352, 353, 354, 356, 357, 359, 360, 362, 368, 374, 375, 377, 378, 380, 381, 382, 383, 384, 385, 386, 388, 389, 391, 394, 395, 398, 399, 400, 401, 402, 403, 404, 405, 406, 407, 408, 409], "excluded_lines": [], "functions": {"FeatureTokenizer.__init__": {"executed_lines": [], "summary": {"covered_lines": 0, "num_statements": 4, "percent_covered": 0.0, "percent_covered_display": "0", "missing_lines": 4, "excluded_lines": 0, "percent_statements_covered": 0.0, "percent_statements_covered_display": "0"}, "missing_lines": [31, 32, 33, 34], "excluded_lines": [], "start_line": 30}, "FeatureTokenizer.forward": {"executed_lines": [], "summary": {"covered_lines": 0, "num_statements": 1, "percent_covered": 0.0, "percent_covered_display": "0", "missing_lines": 1, "excluded_lines": 0, "percent_statements_covered": 0.0, "percent_statements_covered_display": "0"}, "missing_lines": [37], "excluded_lines": [], "start_line": 36}, "FTTransformer.__init__": {"executed_lines": [], "summary": {"covered_lines": 0, "num_statements": 10, "percent_covered": 0.0, "percent_covered_display": "0", "missing_lines": 10, "excluded_lines": 0, "percent_statements_covered": 0.0, "percent_statements_covered_display": "0"}, "missing_lines": [42, 43, 44, 46, 47, 49, 57, 59, 61, 62], "excluded_lines": [], "start_line": 41}, "FTTransformer.forward": {"executed_lines": [], "summary": {"covered_lines": 0, "num_statements": 19, "percent_covered": 0.0, "percent_covered_display": "0", "missing_lines": 19, "excluded_lines": 0, "percent_statements_covered": 0.0, "percent_statements_covered_display": "0"}, "missing_lines": [65, 66, 67, 68, 70, 71, 72, 73, 74, 75, 82, 83, 84, 85, 86, 88, 90, 91, 93], "excluded_lines": [], "start_line": 64}, "extract_attention_importance": {"executed_lines": [], "summary": {"covered_lines": 0, "num_statements": 12, "percent_covered": 0.0, "percent_covered_display": "0", "missing_lines": 12, "excluded_lines": 0, "percent_statements_covered": 0.0, "percent_statements_covered_display": "0"}, "missing_lines": [97, 98, 99, 101, 102, 104, 105, 106, 107, 108, 109, 111], "excluded_lines": [], "start_line": 96}, "extract_gradient_importance": {"executed_lines": [], "summary": {"covered_lines": 0, "num_statements": 8, "percent_covered": 0.0, "percent_covered_display": "0", "missing_lines": 8, "excluded_lines": 0, "percent_statements_covered": 0.0, "percent_statements_covered_display": "0"}, "missing_lines": [115, 116, 118, 119, 120, 121, 123, 124], "excluded_lines": [], "start_line": 114}, "plot_attention_importance": {"executed_lines": [], "summary": {"covered_lines": 0, "num_statements": 18, "percent_covered": 0.0, "percent_covered_display": "0", "missing_lines": 18, "excluded_lines": 0, "percent_statements_covered": 0.0, "percent_statements_covered_display": "0"}, "missing_lines": [128, 129, 130, 131, 132, 134, 135, 136, 137, 138, 140, 142, 143, 145, 146, 147, 148, 149], "excluded_lines": [], "start_line": 127}, "plot_attention_heatmap": {"executed_lines": [], "summary": {"covered_lines": 0, "num_statements": 18, "percent_covered": 0.0, "percent_covered_display": "0", "missing_lines": 18, "excluded_lines": 0, "percent_statements_covered": 0.0, "percent_statements_covered_display": "0"}, "missing_lines": [153, 154, 155, 156, 157, 159, 160, 161, 162, 163, 164, 165, 166, 167, 168, 169, 170, 171], "excluded_lines": [], "start_line": 152}, "plot_combined_importance": {"executed_lines": [], "summary": {"covered_lines": 0, "num_statements": 22, "percent_covered": 0.0, "percent_covered_display": "0", "missing_lines": 22, "excluded_lines": 0, "percent_statements_covered": 0.0, "percent_statements_covered_display": "0"}, "missing_lines": [175, 179, 180, 182, 183, 184, 186, 187, 188, 189, 190, 191, 192, 193, 194, 195, 196, 197, 198, 199, 200, 201], "excluded_lines": [], "start_line": 174}, "plot_combined_importance._norm": {"executed_lines": [], "summary": {"covered_lines": 0, "num_statements": 2, "percent_covered": 0.0, "percent_covered_display": "0", "missing_lines": 2, "excluded_lines": 0, "percent_statements_covered": 0.0, "percent_statements_covered_display": "0"}, "missing_lines": [176, 177], "excluded_lines": [], "start_line": 175}, "plot_training_curve": {"executed_lines": [], "summary": {"covered_lines": 0, "num_statements": 11, "percent_covered": 0.0, "percent_covered_display": "0", "missing_lines": 11, "excluded_lines": 0, "percent_statements_covered": 0.0, "percent_statements_covered_display": "0"}, "missing_lines": [205, 206, 207, 208, 209, 210, 211, 212, 213, 214, 215], "excluded_lines": [], "start_line": 204}, "_train_with_tracking": {"executed_lines": [], "summary": {"covered_lines": 0, "num_statements": 27, "percent_covered": 0.0, "percent_covered_display": "0", "missing_lines": 27, "excluded_lines": 0, "percent_statements_covered": 0.0, "percent_statements_covered_display": "0"}, "missing_lines": [231, 232, 234, 235, 237, 238, 240, 241, 242, 244, 245, 246, 247, 248, 249, 250, 251, 252, 253, 254, 255, 256, 257, 258, 259, 261, 262], "excluded_lines": [], "start_line": 218}, "compute_loo_transformer_importance": {"executed_lines": [], "summary": {"covered_lines": 0, "num_statements": 22, "percent_covered": 0.0, "percent_covered_display": "0", "missing_lines": 22, "excluded_lines": 0, "percent_statements_covered": 0.0, "percent_statements_covered_display": "0"}, "missing_lines": [268, 269, 270, 272, 273, 274, 275, 276, 277, 279, 280, 281, 283, 284, 285, 287, 288, 289, 290, 291, 292, 294], "excluded_lines": [], "start_line": 265}, "run_transformer_importance": {"executed_lines": [], "summary": {"covered_lines": 0, "num_statements": 56, "percent_covered": 0.0, "percent_covered_display": "0", "missing_lines": 56, "excluded_lines": 0, "percent_statements_covered": 0.0, "percent_statements_covered_display": "0"}, "missing_lines": [309, 310, 311, 312, 314, 315, 316, 318, 319, 320, 322, 323, 324, 326, 327, 328, 329, 331, 332, 333, 334, 335, 336, 338, 339, 340, 342, 343, 344, 347, 348, 349, 351, 352, 353, 354, 356, 357, 359, 360, 362, 368, 374, 375, 377, 378, 380, 381, 382, 383, 384, 385, 386, 388, 389, 391], "excluded_lines": [], "start_line": 297}, "": {"executed_lines": [], "summary": {"covered_lines": 0, "num_statements": 45, "percent_covered": 0.0, "percent_covered_display": "0", "missing_lines": 45, "excluded_lines": 0, "percent_statements_covered": 0.0, "percent_statements_covered_display": "0"}, "missing_lines": [5, 7, 8, 9, 11, 12, 13, 14, 17, 19, 20, 21, 22, 23, 24, 26, 29, 30, 36, 40, 41, 64, 96, 114, 127, 152, 174, 204, 218, 265, 297, 394, 395, 398, 399, 400, 401, 402, 403, 404, 405, 406, 407, 408, 409], "excluded_lines": [], "start_line": 1}}, "classes": {"FeatureTokenizer": {"executed_lines": [], "summary": {"covered_lines": 0, "num_statements": 5, "percent_covered": 0.0, "percent_covered_display": "0", "missing_lines": 5, "excluded_lines": 0, "percent_statements_covered": 0.0, "percent_statements_covered_display": "0"}, "missing_lines": [31, 32, 33, 34, 37], "excluded_lines": [], "start_line": 29}, "FTTransformer": {"executed_lines": [], "summary": {"covered_lines": 0, "num_statements": 29, "percent_covered": 0.0, "percent_covered_display": "0", "missing_lines": 29, "excluded_lines": 0, "percent_statements_covered": 0.0, "percent_statements_covered_display": "0"}, "missing_lines": [42, 43, 44, 46, 47, 49, 57, 59, 61, 62, 65, 66, 67, 68, 70, 71, 72, 73, 74, 75, 82, 83, 84, 85, 86, 88, 90, 91, 93], "excluded_lines": [], "start_line": 40}, "": {"executed_lines": [], "summary": {"covered_lines": 0, "num_statements": 241, "percent_covered": 0.0, "percent_covered_display": "0", "missing_lines": 241, "excluded_lines": 0, "percent_statements_covered": 0.0, "percent_statements_covered_display": "0"}, "missing_lines": [5, 7, 8, 9, 11, 12, 13, 14, 17, 19, 20, 21, 22, 23, 24, 26, 29, 30, 36, 40, 41, 64, 96, 97, 98, 99, 101, 102, 104, 105, 106, 107, 108, 109, 111, 114, 115, 116, 118, 119, 120, 121, 123, 124, 127, 128, 129, 130, 131, 132, 134, 135, 136, 137, 138, 140, 142, 143, 145, 146, 147, 148, 149, 152, 153, 154, 155, 156, 157, 159, 160, 161, 162, 163, 164, 165, 166, 167, 168, 169, 170, 171, 174, 175, 176, 177, 179, 180, 182, 183, 184, 186, 187, 188, 189, 190, 191, 192, 193, 194, 195, 196, 197, 198, 199, 200, 201, 204, 205, 206, 207, 208, 209, 210, 211, 212, 213, 214, 215, 218, 231, 232, 234, 235, 237, 238, 240, 241, 242, 244, 245, 246, 247, 248, 249, 250, 251, 252, 253, 254, 255, 256, 257, 258, 259, 261, 262, 265, 268, 269, 270, 272, 273, 274, 275, 276, 277, 279, 280, 281, 283, 284, 285, 287, 288, 289, 290, 291, 292, 294, 297, 309, 310, 311, 312, 314, 315, 316, 318, 319, 320, 322, 323, 324, 326, 327, 328, 329, 331, 332, 333, 334, 335, 336, 338, 339, 340, 342, 343, 344, 347, 348, 349, 351, 352, 353, 354, 356, 357, 359, 360, 362, 368, 374, 375, 377, 378, 380, 381, 382, 383, 384, 385, 386, 388, 389, 391, 394, 395, 398, 399, 400, 401, 402, 403, 404, 405, 406, 407, 408, 409], "excluded_lines": [], "start_line": 1}}}, "analysis/feature_importance/utils.py": {"executed_lines": [], "summary": {"covered_lines": 0, "num_statements": 61, "percent_covered": 0.0, "percent_covered_display": "0", "missing_lines": 61, "excluded_lines": 0, "percent_statements_covered": 0.0, "percent_statements_covered_display": "0"}, "missing_lines": [5, 7, 8, 10, 11, 14, 49, 50, 53, 54, 55, 56, 57, 60, 61, 62, 63, 64, 65, 68, 69, 70, 71, 72, 73, 74, 75, 76, 77, 78, 79, 80, 81, 82, 83, 84, 87, 88, 89, 92, 93, 96, 97, 98, 99, 100, 101, 104, 105, 106, 107, 108, 111, 112, 113, 114, 115, 116, 119, 120, 121], "excluded_lines": [], "functions": {"load_features_csv": {"executed_lines": [], "summary": {"covered_lines": 0, "num_statements": 4, "percent_covered": 0.0, "percent_covered_display": "0", "missing_lines": 4, "excluded_lines": 0, "percent_statements_covered": 0.0, "percent_statements_covered_display": "0"}, "missing_lines": [54, 55, 56, 57], "excluded_lines": [], "start_line": 53}, "load_all_videos": {"executed_lines": [], "summary": {"covered_lines": 0, "num_statements": 5, "percent_covered": 0.0, "percent_covered_display": "0", "missing_lines": 5, "excluded_lines": 0, "percent_statements_covered": 0.0, "percent_statements_covered_display": "0"}, "missing_lines": [61, 62, 63, 64, 65], "excluded_lines": [], "start_line": 60}, "aggregate_per_video": {"executed_lines": [], "summary": {"covered_lines": 0, "num_statements": 16, "percent_covered": 0.0, "percent_covered_display": "0", "missing_lines": 16, "excluded_lines": 0, "percent_statements_covered": 0.0, "percent_statements_covered_display": "0"}, "missing_lines": [69, 70, 71, 72, 73, 74, 75, 76, 77, 78, 79, 80, 81, 82, 83, 84], "excluded_lines": [], "start_line": 68}, "get_feature_columns": {"executed_lines": [], "summary": {"covered_lines": 0, "num_statements": 2, "percent_covered": 0.0, "percent_covered_display": "0", "missing_lines": 2, "excluded_lines": 0, "percent_statements_covered": 0.0, "percent_statements_covered_display": "0"}, "missing_lines": [88, 89], "excluded_lines": [], "start_line": 87}, "get_target_column": {"executed_lines": [], "summary": {"covered_lines": 0, "num_statements": 1, "percent_covered": 0.0, "percent_covered_display": "0", "missing_lines": 1, "excluded_lines": 0, "percent_statements_covered": 0.0, "percent_statements_covered_display": "0"}, "missing_lines": [93], "excluded_lines": [], "start_line": 92}, "prepare_X_y": {"executed_lines": [], "summary": {"covered_lines": 0, "num_statements": 5, "percent_covered": 0.0, "percent_covered_display": "0", "missing_lines": 5, "excluded_lines": 0, "percent_statements_covered": 0.0, "percent_statements_covered_display": "0"}, "missing_lines": [97, 98, 99, 100, 101], "excluded_lines": [], "start_line": 96}, "feature_group_of": {"executed_lines": [], "summary": {"covered_lines": 0, "num_statements": 4, "percent_covered": 0.0, "percent_covered_display": "0", "missing_lines": 4, "excluded_lines": 0, "percent_statements_covered": 0.0, "percent_statements_covered_display": "0"}, "missing_lines": [105, 106, 107, 108], "excluded_lines": [], "start_line": 104}, "save_importance_csv": {"executed_lines": [], "summary": {"covered_lines": 0, "num_statements": 5, "percent_covered": 0.0, "percent_covered_display": "0", "missing_lines": 5, "excluded_lines": 0, "percent_statements_covered": 0.0, "percent_statements_covered_display": "0"}, "missing_lines": [112, 113, 114, 115, 116], "excluded_lines": [], "start_line": 111}, "default_output_dir": {"executed_lines": [], "summary": {"covered_lines": 0, "num_statements": 2, "percent_covered": 0.0, "percent_covered_display": "0", "missing_lines": 2, "excluded_lines": 0, "percent_statements_covered": 0.0, "percent_statements_covered_display": "0"}, "missing_lines": [120, 121], "excluded_lines": [], "start_line": 119}, "": {"executed_lines": [], "summary": {"covered_lines": 0, "num_statements": 17, "percent_covered": 0.0, "percent_covered_display": "0", "missing_lines": 17, "excluded_lines": 0, "percent_statements_covered": 0.0, "percent_statements_covered_display": "0"}, "missing_lines": [5, 7, 8, 10, 11, 14, 49, 50, 53, 60, 68, 87, 92, 96, 104, 111, 119], "excluded_lines": [], "start_line": 1}}, "classes": {"": {"executed_lines": [], "summary": {"covered_lines": 0, "num_statements": 61, "percent_covered": 0.0, "percent_covered_display": "0", "missing_lines": 61, "excluded_lines": 0, "percent_statements_covered": 0.0, "percent_statements_covered_display": "0"}, "missing_lines": [5, 7, 8, 10, 11, 14, 49, 50, 53, 54, 55, 56, 57, 60, 61, 62, 63, 64, 65, 68, 69, 70, 71, 72, 73, 74, 75, 76, 77, 78, 79, 80, 81, 82, 83, 84, 87, 88, 89, 92, 93, 96, 97, 98, 99, 100, 101, 104, 105, 106, 107, 108, 111, 112, 113, 114, 115, 116, 119, 120, 121], "excluded_lines": [], "start_line": 1}}}, "analysis/retention_advice.py": {"executed_lines": [7, 9, 10, 11, 12, 13, 15, 16, 17, 18, 19, 21, 22, 24, 25, 26, 27, 28, 31, 32, 33, 34, 37, 38, 39, 40, 41, 42, 43, 46, 56, 205, 206, 209, 210, 212, 213, 215, 216, 217, 220, 221, 223, 224, 225, 226, 227, 228, 234, 235, 236, 237, 241, 242, 243, 244, 245, 246, 247, 248, 249, 250, 253, 254, 256, 257, 258, 259, 260, 261, 262, 263, 264, 273, 276, 277, 278, 279, 280, 283, 290, 291, 292, 293, 295, 296, 297, 298, 299, 300, 301, 302, 303, 304, 315, 316, 319, 334, 335, 336, 337, 338, 339, 340, 341, 348, 353, 354, 355, 365, 366, 367, 373, 374, 375, 376, 379, 380, 381, 382, 383, 384, 385, 386, 387, 390, 404], "summary": {"covered_lines": 127, "num_statements": 161, "percent_covered": 78.88198757763975, "percent_covered_display": "79", "missing_lines": 34, "excluded_lines": 0, "percent_statements_covered": 78.88198757763975, "percent_statements_covered_display": "79"}, "missing_lines": [211, 214, 222, 229, 230, 231, 238, 255, 294, 320, 321, 322, 323, 324, 325, 326, 327, 328, 329, 330, 331, 368, 391, 392, 393, 394, 395, 396, 397, 398, 399, 400, 401, 405], "excluded_lines": [], "functions": {"_video_id": {"executed_lines": [206], "summary": {"covered_lines": 1, "num_statements": 1, "percent_covered": 100.0, "percent_covered_display": "100", "missing_lines": 0, "excluded_lines": 0, "percent_statements_covered": 100.0, "percent_statements_covered_display": "100"}, "missing_lines": [], "excluded_lines": [], "start_line": 205}, "_load_ranked_features": {"executed_lines": [210, 212, 213, 215, 216, 217], "summary": {"covered_lines": 6, "num_statements": 8, "percent_covered": 75.0, "percent_covered_display": "75", "missing_lines": 2, "excluded_lines": 0, "percent_statements_covered": 75.0, "percent_statements_covered_display": "75"}, "missing_lines": [211, 214], "excluded_lines": [], "start_line": 209}, "_find_prediction": {"executed_lines": [221, 223, 224, 225, 226, 227, 228], "summary": {"covered_lines": 7, "num_statements": 11, "percent_covered": 63.63636363636363, "percent_covered_display": "64", "missing_lines": 4, "excluded_lines": 0, "percent_statements_covered": 63.63636363636363, "percent_statements_covered_display": "64"}, "missing_lines": [222, 229, 230, 231], "excluded_lines": [], "start_line": 220}, "_signal": {"executed_lines": [235, 236, 237], "summary": {"covered_lines": 3, "num_statements": 4, "percent_covered": 75.0, "percent_covered_display": "75", "missing_lines": 1, "excluded_lines": 0, "percent_statements_covered": 75.0, "percent_statements_covered_display": "75"}, "missing_lines": [238], "excluded_lines": [], "start_line": 234}, "_merge_segments": {"executed_lines": [242, 243, 244, 245, 246, 247, 248, 249, 250], "summary": {"covered_lines": 9, "num_statements": 9, "percent_covered": 100.0, "percent_covered_display": "100", "missing_lines": 0, "excluded_lines": 0, "percent_statements_covered": 100.0, "percent_statements_covered_display": "100"}, "missing_lines": [], "excluded_lines": [], "start_line": 241}, "_find_segments": {"executed_lines": [254, 256, 257, 258, 259, 260, 261, 262, 263, 264, 273], "summary": {"covered_lines": 11, "num_statements": 12, "percent_covered": 91.66666666666667, "percent_covered_display": "92", "missing_lines": 1, "excluded_lines": 0, "percent_statements_covered": 91.66666666666667, "percent_statements_covered_display": "92"}, "missing_lines": [255], "excluded_lines": [], "start_line": 253}, "_feature_cols": {"executed_lines": [277, 278, 279, 280], "summary": {"covered_lines": 4, "num_statements": 4, "percent_covered": 100.0, "percent_covered_display": "100", "missing_lines": 0, "excluded_lines": 0, "percent_statements_covered": 100.0, "percent_statements_covered_display": "100"}, "missing_lines": [], "excluded_lines": [], "start_line": 276}, "_advice_for_segment": {"executed_lines": [290, 291, 292, 293, 295, 296, 297, 298, 299, 300, 301, 302, 303, 304, 315, 316], "summary": {"covered_lines": 16, "num_statements": 17, "percent_covered": 94.11764705882354, "percent_covered_display": "94", "missing_lines": 1, "excluded_lines": 0, "percent_statements_covered": 94.11764705882354, "percent_statements_covered_display": "94"}, "missing_lines": [294], "excluded_lines": [], "start_line": 283}, "_plot": {"executed_lines": [], "summary": {"covered_lines": 0, "num_statements": 12, "percent_covered": 0.0, "percent_covered_display": "0", "missing_lines": 12, "excluded_lines": 0, "percent_statements_covered": 0.0, "percent_statements_covered_display": "0"}, "missing_lines": [320, 321, 322, 323, 324, 325, 326, 327, 328, 329, 330, 331], "excluded_lines": [], "start_line": 319}, "analyze_video": {"executed_lines": [335, 336, 337, 338, 339, 340, 341, 348, 353, 354, 355, 365, 366, 367, 373, 374, 375, 376], "summary": {"covered_lines": 18, "num_statements": 19, "percent_covered": 94.73684210526316, "percent_covered_display": "95", "missing_lines": 1, "excluded_lines": 0, "percent_statements_covered": 94.73684210526316, "percent_statements_covered_display": "95"}, "missing_lines": [368], "excluded_lines": [], "start_line": 334}, "run": {"executed_lines": [380, 381, 382, 383, 384, 385, 386, 387], "summary": {"covered_lines": 8, "num_statements": 8, "percent_covered": 100.0, "percent_covered_display": "100", "missing_lines": 0, "excluded_lines": 0, "percent_statements_covered": 100.0, "percent_statements_covered_display": "100"}, "missing_lines": [], "excluded_lines": [], "start_line": 379}, "main": {"executed_lines": [], "summary": {"covered_lines": 0, "num_statements": 11, "percent_covered": 0.0, "percent_covered_display": "0", "missing_lines": 11, "excluded_lines": 0, "percent_statements_covered": 0.0, "percent_statements_covered_display": "0"}, "missing_lines": [391, 392, 393, 394, 395, 396, 397, 398, 399, 400, 401], "excluded_lines": [], "start_line": 390}, "": {"executed_lines": [7, 9, 10, 11, 12, 13, 15, 16, 17, 18, 19, 21, 22, 24, 25, 26, 27, 28, 31, 32, 33, 34, 37, 38, 39, 40, 41, 42, 43, 46, 56, 205, 209, 220, 234, 241, 253, 276, 283, 319, 334, 379, 390, 404], "summary": {"covered_lines": 44, "num_statements": 45, "percent_covered": 97.77777777777777, "percent_covered_display": "98", "missing_lines": 1, "excluded_lines": 0, "percent_statements_covered": 97.77777777777777, "percent_statements_covered_display": "98"}, "missing_lines": [405], "excluded_lines": [], "start_line": 1}}, "classes": {"AdviceItem": {"executed_lines": [], "summary": {"covered_lines": 0, "num_statements": 0, "percent_covered": 100.0, "percent_covered_display": "100", "missing_lines": 0, "excluded_lines": 0, "percent_statements_covered": 100.0, "percent_statements_covered_display": "100"}, "missing_lines": [], "excluded_lines": [], "start_line": 24}, "DropCriteria": {"executed_lines": [], "summary": {"covered_lines": 0, "num_statements": 0, "percent_covered": 100.0, "percent_covered_display": "100", "missing_lines": 0, "excluded_lines": 0, "percent_statements_covered": 100.0, "percent_statements_covered_display": "100"},
[...]
y": {"covered_lines": 0, "num_statements": 23, "percent_covered": 0.0, "percent_covered_display": "0", "missing_lines": 23, "excluded_lines": 0, "percent_statements_covered": 0.0, "percent_statements_covered_display": "0"}, "missing_lines": [267, 268, 269, 270, 271, 272, 273, 274, 275, 276, 277, 278, 279, 280, 281, 282, 283, 284, 285, 286, 287, 288, 289], "excluded_lines": [], "start_line": 266}, "est_importance": {"executed_lines": [], "summary": {"covered_lines": 0, "num_statements": 13, "percent_covered": 0.0, "percent_covered_display": "0", "missing_lines": 13, "excluded_lines": 0, "percent_statements_covered": 0.0, "percent_statements_covered_display": "0"}, "missing_lines": [293, 294, 295, 296, 297, 298, 299, 300, 301, 302, 303, 304, 305], "excluded_lines": [], "start_line": 292}, "save_metrics_json": {"executed_lines": [], "summary": {"covered_lines": 0, "num_statements": 5, "percent_covered": 0.0, "percent_covered_display": "0", "missing_lines": 5, "excluded_lines": 0, "percent_statements_covered": 0.0, "percent_statements_covered_display": "0"}, "missing_lines": [310, 311, 312, 313, 314], "excluded_lines": [], "start_line": 309}, "save_mae_summary": {"executed_lines": [], "summary": {"covered_lines": 0, "num_statements": 1, "percent_covered": 0.0, "percent_covered_display": "0", "missing_lines": 1, "excluded_lines": 0, "percent_statements_covered": 0.0, "percent_statements_covered_display": "0"}, "missing_lines": [317], "excluded_lines": [], "start_line": 316}, "apply_params": {"executed_lines": [], "summary": {"covered_lines": 0, "num_statements": 2, "percent_covered": 0.0, "percent_covered_display": "0", "missing_lines": 2, "excluded_lines": 0, "percent_statements_covered": 0.0, "percent_statements_covered_display": "0"}, "missing_lines": [320, 321], "excluded_lines": [], "start_line": 319}, "": {"executed_lines": [], "summary": {"covered_lines": 0, "num_statements": 45, "percent_covered": 0.0, "percent_covered_display": "0", "missing_lines": 45, "excluded_lines": 0, "percent_statements_covered": 0.0, "percent_statements_covered_display": "0"}, "missing_lines": [1, 3, 4, 5, 6, 7, 8, 9, 10, 12, 13, 14, 15, 16, 18, 19, 20, 21, 22, 23, 24, 26, 29, 37, 41, 109, 117, 134, 141, 150, 164, 177, 182, 209, 224, 241, 245, 257, 266, 292, 307, 309, 316, 319, 323], "excluded_lines": [], "start_line": 1}}, "classes": {"": {"executed_lines": [], "summary": {"covered_lines": 0, "num_statements": 264, "percent_covered": 0.0, "percent_covered_display": "0", "missing_lines": 264, "excluded_lines": 0, "percent_statements_covered": 0.0, "percent_statements_covered_display": "0"}, "missing_lines": [1, 3, 4, 5, 6, 7, 8, 9, 10, 12, 13, 14, 15, 16, 18, 19, 20, 21, 22, 23, 24, 26, 29, 30, 31, 32, 33, 34, 37, 38, 41, 42, 43, 44, 45, 46, 47, 48, 49, 50, 51, 52, 54, 55, 56, 57, 58, 59, 60, 61, 62, 63, 65, 66, 68, 69, 70, 71, 72, 74, 75, 76, 77, 78, 79, 80, 81, 82, 84, 85, 86, 88, 89, 90, 91, 92, 93, 94, 95, 96, 97, 98, 99, 100, 101, 102, 103, 104, 105, 106, 109, 110, 111, 112, 113, 114, 117, 118, 119, 120, 121, 122, 123, 125, 126, 127, 128, 129, 130, 131, 134, 135, 136, 137, 138, 141, 142, 143, 144, 145, 146, 147, 150, 151, 152, 153, 154, 155, 156, 157, 158, 159, 160, 161, 164, 165, 166, 167, 168, 169, 170, 171, 172, 173, 174, 177, 178, 179, 180, 182, 183, 184, 185, 186, 187, 188, 190, 191, 192, 193, 194, 195, 196, 198, 199, 200, 201, 202, 203, 205, 207, 209, 210, 211, 212, 213, 214, 215, 216, 217, 218, 219, 220, 221, 224, 225, 226, 227, 228, 229, 230, 236, 237, 238, 241, 242, 245, 246, 247, 248, 249, 250, 251, 252, 253, 254, 257, 258, 259, 260, 261, 262, 263, 266, 267, 268, 269, 270, 271, 272, 273, 274, 275, 276, 277, 278, 279, 280, 281, 282, 283, 284, 285, 286, 287, 288, 289, 292, 293, 294, 295, 296, 297, 298, 299, 300, 301, 302, 303, 304, 305, 307, 309, 310, 311, 312, 313, 314, 316, 317, 319, 320, 321, 323], "excluded_lines": [], "start_line": 1}}}, "train/videomae/__init__.py": {"executed_lines": [], "summary": {"covered_lines": 0, "num_statements": 0, "percent_covered": 100.0, "percent_covered_display": "100", "missing_lines": 0, "excluded_lines": 0, "percent_statements_covered": 100.0, "percent_statements_covered_display": "100"}, "missing_lines": [], "excluded_lines": [], "functions": {"": {"executed_lines": [], "summary": {"covered_lines": 0, "num_statements": 0, "percent_covered": 100.0, "percent_covered_display": "100", "missing_lines": 0, "excluded_lines": 0, "percent_statements_covered": 100.0, "percent_statements_covered_display": "100"}, "missing_lines": [], "excluded_lines": [], "start_line": 1}}, "classes": {"": {"executed_lines": [], "summary": {"covered_lines": 0, "num_statements": 0, "percent_covered": 100.0, "percent_covered_display": "100", "missing_lines": 0, "excluded_lines": 0, "percent_statements_covered": 100.0, "percent_statements_covered_display": "100"}, "missing_lines": [], "excluded_lines": [], "start_line": 1}}}, "train/videomae/train_videomae_seq.py": {"executed_lines": [], "summary": {"covered_lines": 0, "num_statements": 591, "percent_covered": 0.0, "percent_covered_display": "0", "missing_lines": 591, "excluded_lines": 0, "percent_statements_covered": 0.0, "percent_statements_covered_display": "0"}, "missing_lines": [16, 18, 21, 22, 24, 25, 26, 27, 28, 29, 30, 32, 33, 34, 35, 36, 37, 38, 41, 42, 57, 58, 59, 62, 63, 65, 66, 67, 69, 70, 71, 72, 73, 75, 76, 77, 78, 79, 80, 82, 83, 84, 85, 86, 88, 89, 90, 91, 92, 93, 94, 95, 96, 98, 99, 100, 101, 102, 103, 104, 106, 107, 108, 109, 110, 111, 112, 114, 115, 116, 117, 118, 119, 120, 121, 122, 124, 127, 128, 129, 132, 133, 134, 136, 137, 138, 139, 140, 141, 142, 143, 144, 145, 148, 149, 150, 151, 152, 153, 154, 155, 156, 157, 158, 159, 160, 161, 164, 165, 166, 167, 168, 169, 170, 171, 172, 173, 174, 175, 176, 177, 178, 179, 180, 181, 182, 183, 184, 185, 186, 187, 188, 189, 190, 191, 194, 195, 196, 197, 198, 199, 200, 201, 204, 206, 218, 219, 220, 221, 222, 223, 224, 225, 227, 228, 229, 230, 231, 232, 234, 235, 236, 237, 238, 240, 241, 242, 243, 244, 245, 246, 247, 249, 250, 252, 253, 254, 255, 256, 257, 259, 260, 261, 262, 263, 264, 265, 267, 269, 278, 279, 282, 284, 285, 286, 287, 288, 289, 291, 292, 293, 294, 296, 298, 299, 300, 301, 302, 303, 304, 305, 306, 307, 308, 309, 310, 312, 313, 314, 315, 316, 317, 318, 319, 320, 321, 322, 323, 324, 325, 326, 327, 328, 329, 330, 331, 332, 333, 334, 335, 336, 337, 338, 340, 341, 342, 343, 344, 345, 348, 349, 351, 360, 362, 363, 365, 366, 367, 368, 369, 370, 371, 372, 374, 375, 376, 378, 379, 383, 385, 387, 388, 389, 390, 392, 394, 396, 400, 401, 402, 403, 404, 405, 406, 407, 408, 409, 411, 425, 428, 429, 431, 432, 434, 435, 437, 438, 439, 441, 442, 443, 444, 445, 446, 447, 448, 449, 464, 465, 466, 467, 468, 469, 470, 471, 472, 474, 475, 476, 477, 478, 479, 480, 481, 482, 483, 484, 485, 487, 488, 489, 491, 492, 493, 495, 496, 497, 498, 500, 501, 502, 504, 505, 506, 507, 519, 520, 521, 522, 523, 525, 527, 529, 546, 547, 550, 551, 553, 554, 556, 558, 567, 568, 569, 570, 571, 572, 573, 575, 576, 577, 579, 580, 584, 586, 588, 589, 590, 591, 592, 593, 594, 595, 596, 597, 598, 600, 602, 605, 607, 608, 609, 611, 614, 617, 618, 620, 621, 622, 624, 625, 626, 628, 629, 630, 631, 632, 633, 634, 635, 636, 651, 652, 653, 654, 655, 656, 657, 658, 659, 661, 662, 663, 664, 665, 666, 667, 668, 669, 670, 671, 672, 674, 675, 676, 678, 679, 680, 682, 683, 684, 685, 687, 688, 689, 690, 692, 693, 694, 695, 696, 697, 698, 701, 702, 703, 704, 705, 707, 709, 723, 741, 742, 745, 746, 748, 749, 758, 759, 760, 762, 763, 764, 765, 766, 767, 768, 769, 770, 771, 772, 774, 775, 776, 778, 779, 783, 785, 787, 788, 789, 790, 792, 794, 796, 797, 798, 799, 801, 813, 814, 815, 816, 817, 818, 819, 820, 821, 823, 838, 850, 851, 853, 854, 856, 857, 859, 860, 861, 863, 864, 865, 866, 867, 868, 869, 870, 871, 886, 887, 888, 889, 890, 891, 892, 893, 894, 896, 897, 898, 899, 900, 901, 902, 903, 904, 905, 906, 907, 909, 910, 911, 913, 914, 915, 917, 918, 919, 920, 922, 923, 924, 926, 927, 928, 929, 930, 942, 943, 944, 945, 946, 948, 950, 952, 970, 971, 974, 975, 976, 977, 978, 980, 981, 982, 983, 984, 985, 987, 990, 991], "excluded_lines": [], "functions": {"parse_args": {"executed_lines": [], "summary": {"covered_lines": 0, "num_statements": 51, "percent_covered": 0.0, "percent_covered_display": "0", "missing_lines": 51, "excluded_lines": 0, "percent_statements_covered": 0.0, "percent_statements_covered_display": "0"}, "missing_lines": [66, 67, 69, 70, 71, 72, 73, 75, 76, 77, 78, 79, 80, 82, 83, 84, 85, 86, 88, 89, 90, 91, 92, 93, 94, 95, 96, 98, 99, 100, 101, 102, 103, 104, 106, 107, 108, 109, 110, 111, 112, 114, 115, 116, 117, 118, 119, 120, 121, 122, 124], "excluded_lines": [], "start_line": 65}, "_split_ids": {"executed_lines": [], "summary": {"covered_lines": 0, "num_statements": 2, "percent_covered": 0.0, "percent_covered_display": "0", "missing_lines": 2, "excluded_lines": 0, "percent_statements_covered": 0.0, "percent_statements_covered_display": "0"}, "missing_lines": [128, 129], "excluded_lines": [], "start_line": 127}, "_ensure_videomae_embeddings": {"executed_lines": [], "summary": {"covered_lines": 0, "num_statements": 12, "percent_covered": 0.0, "percent_covered_display": "0", "missing_lines": 12, "excluded_lines": 0, "percent_statements_covered": 0.0, "percent_statements_covered_display": "0"}, "missing_lines": [133, 134, 136, 137, 138, 139, 140, 141, 142, 143, 144, 145], "excluded_lines": [], "start_line": 132}, "_load_videomae_embeddings": {"executed_lines": [], "summary": {"covered_lines": 0, "num_statements": 13, "percent_covered": 0.0, "percent_covered_display": "0", "missing_lines": 13, "excluded_lines": 0, "percent_statements_covered": 0.0, "percent_statements_covered_display": "0"}, "missing_lines": [149, 150, 151, 152, 153, 154, 155, 156, 157, 158, 159, 160, 161], "excluded_lines": [], "start_line": 148}, "_read_rgb_frames_1fps_window": {"executed_lines": [], "summary": {"covered_lines": 0, "num_statements": 27, "percent_covered": 0.0, "percent_covered_display": "0", "missing_lines": 27, "excluded_lines": 0, "percent_statements_covered": 0.0, "percent_statements_covered_display": "0"}, "missing_lines": [165, 166, 167, 168, 169, 170, 171, 172, 173, 174, 175, 176, 177, 178, 179, 180, 181, 182, 183, 184, 185, 186, 187, 188, 189, 190, 191], "excluded_lines": [], "start_line": 164}, "_frames_to_videomae_inputs": {"executed_lines": [], "summary": {"covered_lines": 0, "num_statements": 7, "percent_covered": 0.0, "percent_covered_display": "0", "missing_lines": 7, "excluded_lines": 0, "percent_statements_covered": 0.0, "percent_statements_covered_display": "0"}, "missing_lines": [195, 196, 197, 198, 199, 200, 201], "excluded_lines": [], "start_line": 194}, "VideoMAEE2EWindowDataset.__init__": {"executed_lines": [], "summary": {"covered_lines": 0, "num_statements": 27, "percent_covered": 0.0, "percent_covered_display": "0", "missing_lines": 27, "excluded_lines": 0, "percent_statements_covered": 0.0, "percent_statements_covered_display": "0"}, "missing_lines": [218, 219, 220, 221, 222, 223, 224, 225, 227, 228, 229, 230, 231, 232, 234, 235, 236, 237, 238, 240, 241, 242, 243, 244, 245, 246, 247], "excluded_lines": [], "start_line": 206}, "VideoMAEE2EWindowDataset.__len__": {"executed_lines": [], "summary": {"covered_lines": 0, "num_statements": 1, "percent_covered": 0.0, "percent_covered_display": "0", "missing_lines": 1, "excluded_lines": 0, "percent_statements_covered": 0.0, "percent_statements_covered_display": "0"}, "missing_lines": [250], "excluded_lines": [], "start_line": 249}, "VideoMAEE2EWindowDataset.__getitem__": {"executed_lines": [], "summary": {"covered_lines": 0, "num_statements": 14, "percent_covered": 0.0, "percent_covered_display": "0", "missing_lines": 14, "excluded_lines": 0, "percent_statements_covered": 0.0, "percent_statements_covered_display": "0"}, "missing_lines": [253, 254, 255, 256, 257, 259, 260, 261, 262, 263, 264, 265, 267, 269], "excluded_lines": [], "start_line": 252}, "predict_video_videomae_e2e": {"executed_lines": [], "summary": {"covered_lines": 0, "num_statements": 58, "percent_covered": 0.0, "percent_covered_display": "0", "missing_lines": 58, "excluded_lines": 0, "percent_statements_covered": 0.0, "percent_statements_covered_display": "0"}, "missing_lines": [282, 284, 285, 286, 287, 288, 289, 291, 292, 293, 294, 296, 298, 299, 300, 301, 302, 303, 304, 305, 306, 307, 308, 309, 310, 312, 313, 314, 315, 316, 317, 318, 319, 320, 321, 322, 323, 324, 325, 326, 327, 328, 329, 330, 331, 332, 333, 334, 335, 336, 337, 338, 340, 341, 342, 343, 344, 345], "excluded_lines": [], "start_line": 279}, "train_extract_mode": {"executed_lines": [], "summary": {"covered_lines": 0, "num_statements": 105, "percent_covered": 0.0, "percent_covered_display": "0", "missing_lines": 105, "excluded_lines": 0, "percent_statements_covered": 0.0, "percent_statements_covered_display": "0"}, "missing_lines": [349, 351, 360, 362, 363, 365, 366, 367, 368, 369, 370, 371, 372, 374, 375, 376, 378, 379, 383, 385, 387, 388, 389, 390, 392, 394, 396, 400, 401, 402, 403, 404, 405, 406, 407, 408, 409, 411, 425, 428, 429, 431, 432, 434, 435, 437, 438, 439, 441, 442, 443, 444, 445, 446, 447, 448, 449, 464, 465, 466, 467, 468, 469, 470, 471, 472, 474, 475, 476, 477, 478, 479, 480, 481, 482, 483, 484, 485, 487, 488, 489, 491, 492, 493, 495, 496, 497, 498, 500, 501, 502, 504, 505, 506, 507, 519, 520, 521, 522, 523, 525, 527, 529, 546, 547], "excluded_lines": [], "start_line": 348}, "train_e2e_mode": {"executed_lines": [], "summary": {"covered_lines": 0, "num_statements": 107, "percent_covered": 0.0, "percent_covered_display": "0", "missing_lines": 107, "excluded_lines": 0, "percent_statements_covered": 0.0, "percent_statements_covered_display": "0"}, "missing_lines": [551, 553, 554, 556, 558, 567, 568, 569, 570, 571, 572, 573, 575, 576, 577, 579, 580, 584, 586, 588, 589, 590, 591, 592, 593, 594, 595, 596, 597, 598, 600, 602, 605, 607, 608, 609, 611, 614, 617, 618, 620, 621, 622, 624, 625, 626, 628, 629, 630, 631, 632, 633, 634, 635, 636, 651, 652, 653, 654, 655, 656, 657, 658, 659, 661, 662, 663, 664, 665, 666, 667, 668, 669, 670, 671, 672, 674, 675, 676, 678, 679, 680, 682, 683, 684, 685, 687, 688, 689, 690, 692, 693, 694, 695, 696, 697, 698, 701, 702, 703, 704, 705, 707, 709, 723, 741, 742], "excluded_lines": [], "start_line": 550}, "train_hybrid_mode": {"executed_lines": [], "summary": {"covered_lines": 0, "num_statements": 113, "percent_covered": 0.0, "percent_covered_display": "0", "missing_lines": 113, "excluded_lines": 0, "percent_statements_covered": 0.0, "percent_statements_covered_display": "0"}, "missing_lines": [746, 748, 749, 758, 759, 760, 762, 763, 764, 765, 766, 767, 768, 769, 770, 771, 772, 774, 775, 776, 778, 779, 783, 785, 787, 788, 789, 790, 792, 794, 796, 797, 798, 799, 801, 813, 814, 815, 816, 817, 818, 819, 820, 821, 823, 838, 850, 851, 853, 854, 856, 857, 859, 860, 861, 863, 864, 865, 866, 867, 868, 869, 870, 871, 886, 887, 888, 889, 890, 891, 892, 893, 894, 896, 897, 898, 899, 900, 901, 902, 903, 904, 905, 906, 907, 909, 910, 911, 913, 914, 915, 917, 918, 919, 920, 922, 923, 924, 926, 927, 928, 929, 930, 942, 943, 944, 945, 946, 948, 950, 952, 970, 971], "excluded_lines": [], "start_line": 745}, "main": {"executed_lines": [], "summary": {"covered_lines": 0, "num_statements": 11, "percent_covered": 0.0, "percent_covered_display": "0", "missing_lines": 11, "excluded_lines": 0, "percent_statements_covered": 0.0, "percent_statements_covered_display": "0"}, "missing_lines": [975, 976, 977, 978, 980, 981, 982, 983, 984, 985, 987], "excluded_lines": [], "start_line": 974}, "": {"executed_lines": [], "summary": {"covered_lines": 0, "num_statements": 43, "percent_covered": 0.0, "percent_covered_display": "0", "missing_lines": 43, "excluded_lines": 0, "percent_statements_covered": 0.0, "percent_statements_covered_display": "0"}, "missing_lines": [16, 18, 21, 22, 24, 25, 26, 27, 28, 29, 30, 32, 33, 34, 35, 36, 37, 38, 41, 42, 57, 58, 59, 62, 63, 65, 127, 132, 148, 164, 194, 204, 206, 249, 252, 278, 279, 348, 550, 745, 974, 990, 991], "excluded_lines": [], "start_line": 1}}, "classes": {"VideoMAEE2EWindowDataset": {"executed_lines": [], "summary": {"covered_lines": 0, "num_statements": 42, "percent_covered": 0.0, "percent_covered_display": "0", "missing_lines": 42, "excluded_lines": 0, "percent_statements_covered": 0.0, "percent_statements_covered_display": "0"}, "missing_lines": [218, 219, 220, 221, 222, 223, 224, 225, 227, 228, 229, 230, 231, 232, 234, 235, 236, 237, 238, 240, 241, 242, 243, 244, 245, 246, 247, 250, 253, 254, 255, 256, 257, 259, 260, 261, 262, 263, 264, 265, 267, 269], "excluded_lines": [], "start_line": 204}, "": {"executed_lines": [], "summary": {"covered_lines": 0, "num_statements": 549, "percent_covered": 0.0, "percent_covered_display": "0", "missing_lines": 549, "excluded_lines": 0, "percent_statements_covered": 0.0, "percent_statements_covered_display": "0"}, "missing_lines": [16, 18, 21, 22, 24, 25, 26, 27, 28, 29, 30, 32, 33, 34, 35, 36, 37, 38, 41, 42, 57, 58, 59, 62, 63, 65, 66, 67, 69, 70, 71, 72, 73, 75, 76, 77, 78, 79, 80, 82, 83, 84, 85, 86, 88, 89, 90, 91, 92, 93, 94, 95, 96, 98, 99, 100, 101, 102, 103, 104, 106, 107, 108, 109, 110, 111, 112, 114, 115, 116, 117, 118, 119, 120, 121, 122, 124, 127, 128, 129, 132, 133, 134, 136, 137, 138, 139, 140, 141, 142, 143, 144, 145, 148, 149, 150, 151, 152, 153, 154, 155, 156, 157, 158, 159, 160, 161, 164, 165, 166, 167, 168, 169, 170, 171, 172, 173, 174, 175, 176, 177, 178, 179, 180, 181, 182, 183, 184, 185, 186, 187, 188, 189, 190, 191, 194, 195, 196, 197, 198, 199, 200, 201, 204, 206, 249, 252, 278, 279, 282, 284, 285, 286, 287, 288, 289, 291, 292, 293, 294, 296, 298, 299, 300, 301, 302, 303, 304, 305, 306, 307, 308, 309, 310, 312, 313, 314, 315, 316, 317, 318, 319, 320, 321, 322, 323, 324, 325, 326, 327, 328, 329, 330, 331, 332, 333, 334, 335, 336, 337, 338, 340, 341, 342, 343, 344, 345, 348, 349, 351, 360, 362, 363, 365, 366, 367, 368, 369, 370, 371, 372, 374, 375, 376, 378, 379, 383, 385, 387, 388, 389, 390, 392, 394, 396, 400, 401, 402, 403, 404, 405, 406, 407, 408, 409, 411, 425, 428, 429, 431, 432, 434, 435, 437, 438, 439, 441, 442, 443, 444, 445, 446, 447, 448, 449, 464, 465, 466, 467, 468, 469, 470, 471, 472, 474, 475, 476, 477, 478, 479, 480, 481, 482, 483, 484, 485, 487, 488, 489, 491, 492, 493, 495, 496, 497, 498, 500, 501, 502, 504, 505, 506, 507, 519, 520, 521, 522, 523, 525, 527, 529, 546, 547, 550, 551, 553, 554, 556, 558, 567, 568, 569, 570, 571, 572, 573, 575, 576, 577, 579, 580, 584, 586, 588, 589, 590, 591, 592, 593, 594, 595, 596, 597, 598, 600, 602, 605, 607, 608, 609, 611, 614, 617, 618, 620, 621, 622, 624, 625, 626, 628, 629, 630, 631, 632, 633, 634, 635, 636, 651, 652, 653, 654, 655, 656, 657, 658, 659, 661, 662, 663, 664, 665, 666, 667, 668, 669, 670, 671, 672, 674, 675, 676, 678, 679, 680, 682, 683, 684, 685, 687, 688, 689, 690, 692, 693, 694, 695, 696, 697, 698, 701, 702, 703, 704, 705, 707, 709, 723, 741, 742, 745, 746, 748, 749, 758, 759, 760, 762, 763, 764, 765, 766, 767, 768, 769, 770, 771, 772, 774, 775, 776, 778, 779, 783, 785, 787, 788, 789, 790, 792, 794, 796, 797, 798, 799, 801, 813, 814, 815, 816, 817, 818, 819, 820, 821, 823, 838, 850, 851, 853, 854, 856, 857, 859, 860, 861, 863, 864, 865, 866, 867, 868, 869, 870, 871, 886, 887, 888, 889, 890, 891, 892, 893, 894, 896, 897, 898, 899, 900, 901, 902, 903, 904, 905, 906, 907, 909, 910, 911, 913, 914, 915, 917, 918, 919, 920, 922, 923, 924, 926, 927, 928, 929, 930, 942, 943, 944, 945, 946, 948, 950, 952, 970, 971, 974, 975, 976, 977, 978, 980, 981, 982, 983, 984, 985, 987, 990, 991], "excluded_lines": [], "start_line": 1}}}}, "totals": {"covered_lines": 457, "num_statements": 19403, "percent_covered": 2.355305880533938, "percent_covered_display": "2", "missing_lines": 18946, "excluded_lines": 3, "percent_statements_covered": 2.355305880533938, "percent_statements_covered_display": "2"}}